ARM GAS  /var/folders/yz/w8msd8211qzc60m57tpkzbn80000gn/T//ccGgZ2PP.s 			page 1


   1              		.cpu cortex-m7
   2              		.eabi_attribute 27, 1
   3              		.eabi_attribute 28, 1
   4              		.eabi_attribute 20, 1
   5              		.eabi_attribute 21, 1
   6              		.eabi_attribute 23, 3
   7              		.eabi_attribute 24, 1
   8              		.eabi_attribute 25, 1
   9              		.eabi_attribute 26, 1
  10              		.eabi_attribute 30, 1
  11              		.eabi_attribute 34, 1
  12              		.eabi_attribute 18, 4
  13              		.file	"app_ethernet.c"
  14              		.text
  15              	.Ltext0:
  16              		.cfi_sections	.debug_frame
  17              		.section	.rodata.User_notification.str1.4,"aMS",%progbits,1
  18              		.align	2
  19              	.LC0:
  20 0000 53746174 		.ascii	"Static IP address: %s\012\000"
  20      69632049 
  20      50206164 
  20      64726573 
  20      733A2025 
  21 0017 00       		.align	2
  22              	.LC1:
  23 0018 54686520 		.ascii	"The network cable is not connected \000"
  23      6E657477 
  23      6F726B20 
  23      6361626C 
  23      65206973 
  24              		.section	.text.User_notification,"ax",%progbits
  25              		.align	1
  26              		.global	User_notification
  27              		.arch armv7e-m
  28              		.syntax unified
  29              		.thumb
  30              		.thumb_func
  31              		.fpu fpv5-sp-d16
  33              	User_notification:
  34              	.LVL0:
  35              	.LFB171:
  36              		.file 1 "Src/app_ethernet.c"
   1:Src/app_ethernet.c **** /**
   2:Src/app_ethernet.c ****   ******************************************************************************
   3:Src/app_ethernet.c ****   * @file    LwIP/LwIP_HTTP_Server_Netconn_RTOS/Src/app_ethernet.c 
   4:Src/app_ethernet.c ****   * @author  MCD Application Team
   5:Src/app_ethernet.c ****   * @brief   Ethernet specefic module
   6:Src/app_ethernet.c ****   ******************************************************************************
   7:Src/app_ethernet.c ****   * @attention
   8:Src/app_ethernet.c ****   *
   9:Src/app_ethernet.c ****   * <h2><center>&copy; Copyright (c) 2016 STMicroelectronics International N.V. 
  10:Src/app_ethernet.c ****   * All rights reserved.</center></h2>
  11:Src/app_ethernet.c ****   *
  12:Src/app_ethernet.c ****   * Redistribution and use in source and binary forms, with or without 
  13:Src/app_ethernet.c ****   * modification, are permitted, provided that the following conditions are met:
  14:Src/app_ethernet.c ****   *
ARM GAS  /var/folders/yz/w8msd8211qzc60m57tpkzbn80000gn/T//ccGgZ2PP.s 			page 2


  15:Src/app_ethernet.c ****   * 1. Redistribution of source code must retain the above copyright notice, 
  16:Src/app_ethernet.c ****   *    this list of conditions and the following disclaimer.
  17:Src/app_ethernet.c ****   * 2. Redistributions in binary form must reproduce the above copyright notice,
  18:Src/app_ethernet.c ****   *    this list of conditions and the following disclaimer in the documentation
  19:Src/app_ethernet.c ****   *    and/or other materials provided with the distribution.
  20:Src/app_ethernet.c ****   * 3. Neither the name of STMicroelectronics nor the names of other 
  21:Src/app_ethernet.c ****   *    contributors to this software may be used to endorse or promote products 
  22:Src/app_ethernet.c ****   *    derived from this software without specific written permission.
  23:Src/app_ethernet.c ****   * 4. This software, including modifications and/or derivative works of this 
  24:Src/app_ethernet.c ****   *    software, must execute solely and exclusively on microcontroller or
  25:Src/app_ethernet.c ****   *    microprocessor devices manufactured by or for STMicroelectronics.
  26:Src/app_ethernet.c ****   * 5. Redistribution and use of this software other than as permitted under 
  27:Src/app_ethernet.c ****   *    this license is void and will automatically terminate your rights under 
  28:Src/app_ethernet.c ****   *    this license. 
  29:Src/app_ethernet.c ****   *
  30:Src/app_ethernet.c ****   * THIS SOFTWARE IS PROVIDED BY STMICROELECTRONICS AND CONTRIBUTORS "AS IS" 
  31:Src/app_ethernet.c ****   * AND ANY EXPRESS, IMPLIED OR STATUTORY WARRANTIES, INCLUDING, BUT NOT 
  32:Src/app_ethernet.c ****   * LIMITED TO, THE IMPLIED WARRANTIES OF MERCHANTABILITY, FITNESS FOR A 
  33:Src/app_ethernet.c ****   * PARTICULAR PURPOSE AND NON-INFRINGEMENT OF THIRD PARTY INTELLECTUAL PROPERTY
  34:Src/app_ethernet.c ****   * RIGHTS ARE DISCLAIMED TO THE FULLEST EXTENT PERMITTED BY LAW. IN NO EVENT 
  35:Src/app_ethernet.c ****   * SHALL STMICROELECTRONICS OR CONTRIBUTORS BE LIABLE FOR ANY DIRECT, INDIRECT,
  36:Src/app_ethernet.c ****   * INCIDENTAL, SPECIAL, EXEMPLARY, OR CONSEQUENTIAL DAMAGES (INCLUDING, BUT NOT
  37:Src/app_ethernet.c ****   * LIMITED TO, PROCUREMENT OF SUBSTITUTE GOODS OR SERVICES; LOSS OF USE, DATA, 
  38:Src/app_ethernet.c ****   * OR PROFITS; OR BUSINESS INTERRUPTION) HOWEVER CAUSED AND ON ANY THEORY OF 
  39:Src/app_ethernet.c ****   * LIABILITY, WHETHER IN CONTRACT, STRICT LIABILITY, OR TORT (INCLUDING 
  40:Src/app_ethernet.c ****   * NEGLIGENCE OR OTHERWISE) ARISING IN ANY WAY OUT OF THE USE OF THIS SOFTWARE,
  41:Src/app_ethernet.c ****   * EVEN IF ADVISED OF THE POSSIBILITY OF SUCH DAMAGE.
  42:Src/app_ethernet.c ****   *
  43:Src/app_ethernet.c ****   ******************************************************************************
  44:Src/app_ethernet.c ****   */
  45:Src/app_ethernet.c **** 
  46:Src/app_ethernet.c **** /* Includes ------------------------------------------------------------------*/
  47:Src/app_ethernet.c **** #include "lwip/opt.h"
  48:Src/app_ethernet.c **** #include "main.h"
  49:Src/app_ethernet.c **** #include "lwip/dhcp.h"
  50:Src/app_ethernet.c **** #include "app_ethernet.h"
  51:Src/app_ethernet.c **** #include "ethernetif.h"
  52:Src/app_ethernet.c **** #include "lcd_log.h"
  53:Src/app_ethernet.c **** 
  54:Src/app_ethernet.c **** /* Private typedef -----------------------------------------------------------*/
  55:Src/app_ethernet.c **** /* Private define ------------------------------------------------------------*/
  56:Src/app_ethernet.c **** /* Private macro -------------------------------------------------------------*/
  57:Src/app_ethernet.c **** /* Private variables ---------------------------------------------------------*/
  58:Src/app_ethernet.c **** #ifdef USE_DHCP
  59:Src/app_ethernet.c **** #define MAX_DHCP_TRIES  4
  60:Src/app_ethernet.c **** __IO uint8_t DHCP_state = DHCP_OFF;
  61:Src/app_ethernet.c **** #endif
  62:Src/app_ethernet.c **** 
  63:Src/app_ethernet.c **** /* Private function prototypes -----------------------------------------------*/
  64:Src/app_ethernet.c **** /* Private functions ---------------------------------------------------------*/
  65:Src/app_ethernet.c **** /**
  66:Src/app_ethernet.c ****   * @brief  Notify the User about the network interface config status
  67:Src/app_ethernet.c ****   * @param  netif: the network interface
  68:Src/app_ethernet.c ****   * @retval None
  69:Src/app_ethernet.c ****   */
  70:Src/app_ethernet.c **** void User_notification(struct netif *netif) 
  71:Src/app_ethernet.c **** {
ARM GAS  /var/folders/yz/w8msd8211qzc60m57tpkzbn80000gn/T//ccGgZ2PP.s 			page 3


  37              		.loc 1 71 1 view -0
  38              		.cfi_startproc
  39              		@ args = 0, pretend = 0, frame = 24
  40              		@ frame_needed = 0, uses_anonymous_args = 0
  41              		.loc 1 71 1 is_stmt 0 view .LVU1
  42 0000 00B5     		push	{lr}
  43              	.LCFI0:
  44              		.cfi_def_cfa_offset 4
  45              		.cfi_offset 14, -4
  46 0002 87B0     		sub	sp, sp, #28
  47              	.LCFI1:
  48              		.cfi_def_cfa_offset 32
  72:Src/app_ethernet.c ****   if (netif_is_up(netif))
  49              		.loc 1 72 3 is_stmt 1 view .LVU2
  50              		.loc 1 72 7 is_stmt 0 view .LVU3
  51 0004 90F83130 		ldrb	r3, [r0, #49]	@ zero_extendqisi2
  52              		.loc 1 72 6 view .LVU4
  53 0008 13F0010F 		tst	r3, #1
  54 000c 10D0     		beq	.L2
  55              	.LBB2:
  73:Src/app_ethernet.c ****   {
  74:Src/app_ethernet.c **** #ifdef USE_DHCP
  75:Src/app_ethernet.c ****     /* Update DHCP state machine */
  76:Src/app_ethernet.c ****     DHCP_state = DHCP_START;
  77:Src/app_ethernet.c **** #else
  78:Src/app_ethernet.c ****     uint8_t iptxt[20];
  56              		.loc 1 78 5 is_stmt 1 view .LVU5
  79:Src/app_ethernet.c ****     sprintf((char *)iptxt, "%s", ip4addr_ntoa((const ip4_addr_t *)&netif->ip_addr));
  57              		.loc 1 79 5 view .LVU6
  58 000e 0430     		adds	r0, r0, #4
  59              	.LVL1:
  60              		.loc 1 79 5 is_stmt 0 view .LVU7
  61 0010 FFF7FEFF 		bl	ip4addr_ntoa
  62              	.LVL2:
  63              		.loc 1 79 5 view .LVU8
  64 0014 0146     		mov	r1, r0
  65 0016 01A8     		add	r0, sp, #4
  66 0018 FFF7FEFF 		bl	strcpy
  67              	.LVL3:
  80:Src/app_ethernet.c ****     LCD_UsrLog ("Static IP address: %s\n", iptxt);
  68              		.loc 1 80 5 is_stmt 1 view .LVU9
  69              		.loc 1 80 5 view .LVU10
  70 001c 084B     		ldr	r3, .L5
  71 001e 094A     		ldr	r2, .L5+4
  72 0020 1A60     		str	r2, [r3]
  73              		.loc 1 80 5 view .LVU11
  74 0022 01A9     		add	r1, sp, #4
  75 0024 0848     		ldr	r0, .L5+8
  76 0026 FFF7FEFF 		bl	printf
  77              	.LVL4:
  78              		.loc 1 80 5 view .LVU12
  79              	.L1:
  80              	.LBE2:
  81:Src/app_ethernet.c **** #endif /* USE_DHCP */
  82:Src/app_ethernet.c ****   }
  83:Src/app_ethernet.c ****   else
  84:Src/app_ethernet.c ****   {  
ARM GAS  /var/folders/yz/w8msd8211qzc60m57tpkzbn80000gn/T//ccGgZ2PP.s 			page 4


  85:Src/app_ethernet.c **** #ifdef USE_DHCP
  86:Src/app_ethernet.c ****     /* Update DHCP state machine */
  87:Src/app_ethernet.c ****     DHCP_state = DHCP_LINK_DOWN;
  88:Src/app_ethernet.c **** #endif  /* USE_DHCP */
  89:Src/app_ethernet.c ****     LCD_UsrLog ("The network cable is not connected \n");
  90:Src/app_ethernet.c ****   } 
  91:Src/app_ethernet.c **** }
  81              		.loc 1 91 1 is_stmt 0 view .LVU13
  82 002a 07B0     		add	sp, sp, #28
  83              	.LCFI2:
  84              		.cfi_remember_state
  85              		.cfi_def_cfa_offset 4
  86              		@ sp needed
  87 002c 5DF804FB 		ldr	pc, [sp], #4
  88              	.LVL5:
  89              	.L2:
  90              	.LCFI3:
  91              		.cfi_restore_state
  89:Src/app_ethernet.c ****   } 
  92              		.loc 1 89 5 is_stmt 1 view .LVU14
  89:Src/app_ethernet.c ****   } 
  93              		.loc 1 89 5 view .LVU15
  94 0030 034B     		ldr	r3, .L5
  95 0032 044A     		ldr	r2, .L5+4
  96 0034 1A60     		str	r2, [r3]
  89:Src/app_ethernet.c ****   } 
  97              		.loc 1 89 5 view .LVU16
  98 0036 0548     		ldr	r0, .L5+12
  99              	.LVL6:
  89:Src/app_ethernet.c ****   } 
 100              		.loc 1 89 5 is_stmt 0 view .LVU17
 101 0038 FFF7FEFF 		bl	puts
 102              	.LVL7:
  89:Src/app_ethernet.c ****   } 
 103              		.loc 1 89 5 is_stmt 1 view .LVU18
 104              		.loc 1 91 1 is_stmt 0 view .LVU19
 105 003c F5E7     		b	.L1
 106              	.L6:
 107 003e 00BF     		.align	2
 108              	.L5:
 109 0040 00000000 		.word	LCD_LineColor
 110 0044 800000FF 		.word	-16777088
 111 0048 00000000 		.word	.LC0
 112 004c 18000000 		.word	.LC1
 113              		.cfi_endproc
 114              	.LFE171:
 116              		.text
 117              	.Letext0:
 118              		.file 2 "/usr/local/Cellar/arm-none-eabi-gcc/9-2019-q4-major/gcc/arm-none-eabi/include/machine/_de
 119              		.file 3 "/usr/local/Cellar/arm-none-eabi-gcc/9-2019-q4-major/gcc/arm-none-eabi/include/sys/lock.h"
 120              		.file 4 "/usr/local/Cellar/arm-none-eabi-gcc/9-2019-q4-major/gcc/arm-none-eabi/include/sys/_types.
 121              		.file 5 "/usr/local/Cellar/arm-none-eabi-gcc/9-2019-q4-major/gcc/lib/gcc/arm-none-eabi/9.2.1/inclu
 122              		.file 6 "/usr/local/Cellar/arm-none-eabi-gcc/9-2019-q4-major/gcc/arm-none-eabi/include/sys/reent.h
 123              		.file 7 "/usr/local/Cellar/arm-none-eabi-gcc/9-2019-q4-major/gcc/arm-none-eabi/include/stdlib.h"
 124              		.file 8 "/usr/local/Cellar/arm-none-eabi-gcc/9-2019-q4-major/gcc/arm-none-eabi/include/sys/_stdint
 125              		.file 9 "/usr/local/Cellar/arm-none-eabi-gcc/9-2019-q4-major/gcc/arm-none-eabi/include/time.h"
 126              		.file 10 "Middlewares/LwIP/src/include/lwip/arch.h"
ARM GAS  /var/folders/yz/w8msd8211qzc60m57tpkzbn80000gn/T//ccGgZ2PP.s 			page 5


 127              		.file 11 "/usr/local/Cellar/arm-none-eabi-gcc/9-2019-q4-major/gcc/arm-none-eabi/include/ctype.h"
 128              		.file 12 "Drivers/CMSIS/Core/Include/core_cm7.h"
 129              		.file 13 "Drivers/CMSIS/Device/ST/STM32F7xx/Include/system_stm32f7xx.h"
 130              		.file 14 "Drivers/STM32F7xx_HAL_Driver/Inc/stm32f7xx_hal.h"
 131              		.file 15 "Utilities/Fonts/fonts.h"
 132              		.file 16 "Middlewares/LwIP/src/include/lwip/err.h"
 133              		.file 17 "Middlewares/LwIP/src/include/lwip/ip4_addr.h"
 134              		.file 18 "Middlewares/LwIP/src/include/lwip/ip_addr.h"
 135              		.file 19 "Middlewares/LwIP/src/include/lwip/pbuf.h"
 136              		.file 20 "Middlewares/LwIP/src/include/lwip/priv/memp_priv.h"
 137              		.file 21 "Middlewares/LwIP/src/include/lwip/memp.h"
 138              		.file 22 "Middlewares/LwIP/src/include/lwip/netif.h"
 139              		.file 23 "Middlewares/LwIP/src/include/lwip/prot/ip4.h"
 140              		.file 24 "Middlewares/LwIP/src/include/lwip/ip.h"
 141              		.file 25 "Middlewares/LwIP/src/include/lwip/udp.h"
 142              		.file 26 "Utilities/Log/lcd_log.h"
 143              		.file 27 "/usr/local/Cellar/arm-none-eabi-gcc/9-2019-q4-major/gcc/arm-none-eabi/include/stdio.h"
 144              		.file 28 "<built-in>"
ARM GAS  /var/folders/yz/w8msd8211qzc60m57tpkzbn80000gn/T//ccGgZ2PP.s 			page 6


DEFINED SYMBOLS
                            *ABS*:0000000000000000 app_ethernet.c
/var/folders/yz/w8msd8211qzc60m57tpkzbn80000gn/T//ccGgZ2PP.s:18     .rodata.User_notification.str1.4:0000000000000000 $d
/var/folders/yz/w8msd8211qzc60m57tpkzbn80000gn/T//ccGgZ2PP.s:25     .text.User_notification:0000000000000000 $t
/var/folders/yz/w8msd8211qzc60m57tpkzbn80000gn/T//ccGgZ2PP.s:33     .text.User_notification:0000000000000000 User_notification
/var/folders/yz/w8msd8211qzc60m57tpkzbn80000gn/T//ccGgZ2PP.s:109    .text.User_notification:0000000000000040 $d

UNDEFINED SYMBOLS
ip4addr_ntoa
strcpy
printf
puts
LCD_LineColor
