ARM GAS  /var/folders/yz/w8msd8211qzc60m57tpkzbn80000gn/T//cc59H7KP.s 			page 1


   1              		.cpu cortex-m7
   2              		.eabi_attribute 27, 1
   3              		.eabi_attribute 28, 1
   4              		.eabi_attribute 20, 1
   5              		.eabi_attribute 21, 1
   6              		.eabi_attribute 23, 3
   7              		.eabi_attribute 24, 1
   8              		.eabi_attribute 25, 1
   9              		.eabi_attribute 26, 1
  10              		.eabi_attribute 30, 1
  11              		.eabi_attribute 34, 1
  12              		.eabi_attribute 18, 4
  13              		.file	"bridgeif.c"
  14              		.text
  15              	.Ltext0:
  16              		.cfi_sections	.debug_frame
  17              	.Letext0:
  18              		.file 1 "/usr/local/Cellar/arm-none-eabi-gcc/9-2019-q4-major/gcc/arm-none-eabi/include/machine/_de
  19              		.file 2 "/usr/local/Cellar/arm-none-eabi-gcc/9-2019-q4-major/gcc/arm-none-eabi/include/sys/lock.h"
  20              		.file 3 "/usr/local/Cellar/arm-none-eabi-gcc/9-2019-q4-major/gcc/arm-none-eabi/include/sys/_types.
  21              		.file 4 "/usr/local/Cellar/arm-none-eabi-gcc/9-2019-q4-major/gcc/lib/gcc/arm-none-eabi/9.2.1/inclu
  22              		.file 5 "/usr/local/Cellar/arm-none-eabi-gcc/9-2019-q4-major/gcc/arm-none-eabi/include/sys/reent.h
  23              		.file 6 "/usr/local/Cellar/arm-none-eabi-gcc/9-2019-q4-major/gcc/arm-none-eabi/include/stdlib.h"
  24              		.file 7 "/usr/local/Cellar/arm-none-eabi-gcc/9-2019-q4-major/gcc/arm-none-eabi/include/sys/_stdint
  25              		.file 8 "/usr/local/Cellar/arm-none-eabi-gcc/9-2019-q4-major/gcc/arm-none-eabi/include/time.h"
  26              		.file 9 "Middlewares/LwIP/src/include/lwip/arch.h"
  27              		.file 10 "/usr/local/Cellar/arm-none-eabi-gcc/9-2019-q4-major/gcc/arm-none-eabi/include/ctype.h"
  28              		.file 11 "Middlewares/LwIP/src/include/lwip/err.h"
  29              		.file 12 "Inc/FreeRTOSConfig.h"
  30              		.file 13 "Middlewares/FreeRTOS/Source/include/queue.h"
  31              		.file 14 "Middlewares/FreeRTOS/Source/include/semphr.h"
  32              		.file 15 "Middlewares/FreeRTOS/Source/CMSIS_RTOS/cmsis_os.h"
  33              		.file 16 "Middlewares/LwIP/system/arch/sys_arch.h"
  34              		.file 17 "Middlewares/LwIP/src/include/lwip/timeouts.h"
  35              		.file 18 "Middlewares/LwIP/src/include/lwip/ip4_addr.h"
  36              		.file 19 "Middlewares/LwIP/src/include/lwip/ip_addr.h"
  37              		.file 20 "Middlewares/LwIP/src/include/lwip/pbuf.h"
  38              		.file 21 "Middlewares/LwIP/src/include/lwip/priv/memp_priv.h"
  39              		.file 22 "Middlewares/LwIP/src/include/lwip/memp.h"
  40              		.file 23 "Middlewares/LwIP/src/include/lwip/netif.h"
  41              		.file 24 "Middlewares/LwIP/src/include/lwip/tcpip.h"
ARM GAS  /var/folders/yz/w8msd8211qzc60m57tpkzbn80000gn/T//cc59H7KP.s 			page 2


DEFINED SYMBOLS
                            *ABS*:0000000000000000 bridgeif.c

NO UNDEFINED SYMBOLS
