ARM GAS  /var/folders/yz/w8msd8211qzc60m57tpkzbn80000gn/T//ccwpbroY.s 			page 1


   1              		.cpu cortex-m7
   2              		.eabi_attribute 27, 1
   3              		.eabi_attribute 28, 1
   4              		.eabi_attribute 20, 1
   5              		.eabi_attribute 21, 1
   6              		.eabi_attribute 23, 3
   7              		.eabi_attribute 24, 1
   8              		.eabi_attribute 25, 1
   9              		.eabi_attribute 26, 1
  10              		.eabi_attribute 30, 1
  11              		.eabi_attribute 34, 1
  12              		.eabi_attribute 18, 4
  13              		.file	"ip.c"
  14              		.text
  15              	.Ltext0:
  16              		.cfi_sections	.debug_frame
  17              		.comm	ip_data,24,4
  18              	.Letext0:
  19              		.file 1 "/usr/local/Cellar/arm-none-eabi-gcc/9-2019-q4-major/gcc/arm-none-eabi/include/machine/_de
  20              		.file 2 "/usr/local/Cellar/arm-none-eabi-gcc/9-2019-q4-major/gcc/arm-none-eabi/include/sys/lock.h"
  21              		.file 3 "/usr/local/Cellar/arm-none-eabi-gcc/9-2019-q4-major/gcc/arm-none-eabi/include/sys/_types.
  22              		.file 4 "/usr/local/Cellar/arm-none-eabi-gcc/9-2019-q4-major/gcc/lib/gcc/arm-none-eabi/9.2.1/inclu
  23              		.file 5 "/usr/local/Cellar/arm-none-eabi-gcc/9-2019-q4-major/gcc/arm-none-eabi/include/sys/reent.h
  24              		.file 6 "/usr/local/Cellar/arm-none-eabi-gcc/9-2019-q4-major/gcc/arm-none-eabi/include/stdlib.h"
  25              		.file 7 "/usr/local/Cellar/arm-none-eabi-gcc/9-2019-q4-major/gcc/arm-none-eabi/include/sys/_stdint
  26              		.file 8 "/usr/local/Cellar/arm-none-eabi-gcc/9-2019-q4-major/gcc/arm-none-eabi/include/time.h"
  27              		.file 9 "Middlewares/LwIP/src/include/lwip/arch.h"
  28              		.file 10 "/usr/local/Cellar/arm-none-eabi-gcc/9-2019-q4-major/gcc/arm-none-eabi/include/ctype.h"
  29              		.file 11 "Middlewares/LwIP/src/include/lwip/ip4_addr.h"
  30              		.file 12 "Middlewares/LwIP/src/include/lwip/ip_addr.h"
  31              		.file 13 "Middlewares/LwIP/src/include/lwip/err.h"
  32              		.file 14 "Middlewares/LwIP/src/include/lwip/pbuf.h"
  33              		.file 15 "Middlewares/LwIP/src/include/lwip/priv/memp_priv.h"
  34              		.file 16 "Middlewares/LwIP/src/include/lwip/memp.h"
  35              		.file 17 "Middlewares/LwIP/src/include/lwip/netif.h"
  36              		.file 18 "Middlewares/LwIP/src/include/lwip/prot/ip4.h"
  37              		.file 19 "Middlewares/LwIP/src/include/lwip/ip.h"
  38              		.file 20 "./Middlewares/LwIP/src/core/ip.c"
ARM GAS  /var/folders/yz/w8msd8211qzc60m57tpkzbn80000gn/T//ccwpbroY.s 			page 2


DEFINED SYMBOLS
                            *ABS*:0000000000000000 ip.c
                            *COM*:0000000000000018 ip_data

NO UNDEFINED SYMBOLS
