ARM GAS  /var/folders/yz/w8msd8211qzc60m57tpkzbn80000gn/T//cc1fi19i.s 			page 1


   1              		.cpu cortex-m7
   2              		.eabi_attribute 27, 1
   3              		.eabi_attribute 28, 1
   4              		.eabi_attribute 20, 1
   5              		.eabi_attribute 21, 1
   6              		.eabi_attribute 23, 3
   7              		.eabi_attribute 24, 1
   8              		.eabi_attribute 25, 1
   9              		.eabi_attribute 26, 1
  10              		.eabi_attribute 30, 1
  11              		.eabi_attribute 34, 1
  12              		.eabi_attribute 18, 4
  13              		.file	"ip4_addr.c"
  14              		.text
  15              	.Ltext0:
  16              		.cfi_sections	.debug_frame
  17              		.section	.text.ip4_addr_isbroadcast_u32,"ax",%progbits
  18              		.align	1
  19              		.global	ip4_addr_isbroadcast_u32
  20              		.arch armv7e-m
  21              		.syntax unified
  22              		.thumb
  23              		.thumb_func
  24              		.fpu fpv5-sp-d16
  26              	ip4_addr_isbroadcast_u32:
  27              	.LVL0:
  28              	.LFB25:
  29              		.file 1 "./Middlewares/LwIP/src/core/ipv4/ip4_addr.c"
   1:./Middlewares/LwIP/src/core/ipv4/ip4_addr.c **** /**
   2:./Middlewares/LwIP/src/core/ipv4/ip4_addr.c ****  * @file
   3:./Middlewares/LwIP/src/core/ipv4/ip4_addr.c ****  * This is the IPv4 address tools implementation.
   4:./Middlewares/LwIP/src/core/ipv4/ip4_addr.c ****  *
   5:./Middlewares/LwIP/src/core/ipv4/ip4_addr.c ****  */
   6:./Middlewares/LwIP/src/core/ipv4/ip4_addr.c **** 
   7:./Middlewares/LwIP/src/core/ipv4/ip4_addr.c **** /*
   8:./Middlewares/LwIP/src/core/ipv4/ip4_addr.c ****  * Copyright (c) 2001-2004 Swedish Institute of Computer Science.
   9:./Middlewares/LwIP/src/core/ipv4/ip4_addr.c ****  * All rights reserved.
  10:./Middlewares/LwIP/src/core/ipv4/ip4_addr.c ****  *
  11:./Middlewares/LwIP/src/core/ipv4/ip4_addr.c ****  * Redistribution and use in source and binary forms, with or without modification,
  12:./Middlewares/LwIP/src/core/ipv4/ip4_addr.c ****  * are permitted provided that the following conditions are met:
  13:./Middlewares/LwIP/src/core/ipv4/ip4_addr.c ****  *
  14:./Middlewares/LwIP/src/core/ipv4/ip4_addr.c ****  * 1. Redistributions of source code must retain the above copyright notice,
  15:./Middlewares/LwIP/src/core/ipv4/ip4_addr.c ****  *    this list of conditions and the following disclaimer.
  16:./Middlewares/LwIP/src/core/ipv4/ip4_addr.c ****  * 2. Redistributions in binary form must reproduce the above copyright notice,
  17:./Middlewares/LwIP/src/core/ipv4/ip4_addr.c ****  *    this list of conditions and the following disclaimer in the documentation
  18:./Middlewares/LwIP/src/core/ipv4/ip4_addr.c ****  *    and/or other materials provided with the distribution.
  19:./Middlewares/LwIP/src/core/ipv4/ip4_addr.c ****  * 3. The name of the author may not be used to endorse or promote products
  20:./Middlewares/LwIP/src/core/ipv4/ip4_addr.c ****  *    derived from this software without specific prior written permission.
  21:./Middlewares/LwIP/src/core/ipv4/ip4_addr.c ****  *
  22:./Middlewares/LwIP/src/core/ipv4/ip4_addr.c ****  * THIS SOFTWARE IS PROVIDED BY THE AUTHOR ``AS IS'' AND ANY EXPRESS OR IMPLIED
  23:./Middlewares/LwIP/src/core/ipv4/ip4_addr.c ****  * WARRANTIES, INCLUDING, BUT NOT LIMITED TO, THE IMPLIED WARRANTIES OF
  24:./Middlewares/LwIP/src/core/ipv4/ip4_addr.c ****  * MERCHANTABILITY AND FITNESS FOR A PARTICULAR PURPOSE ARE DISCLAIMED. IN NO EVENT
  25:./Middlewares/LwIP/src/core/ipv4/ip4_addr.c ****  * SHALL THE AUTHOR BE LIABLE FOR ANY DIRECT, INDIRECT, INCIDENTAL, SPECIAL,
  26:./Middlewares/LwIP/src/core/ipv4/ip4_addr.c ****  * EXEMPLARY, OR CONSEQUENTIAL DAMAGES (INCLUDING, BUT NOT LIMITED TO, PROCUREMENT
  27:./Middlewares/LwIP/src/core/ipv4/ip4_addr.c ****  * OF SUBSTITUTE GOODS OR SERVICES; LOSS OF USE, DATA, OR PROFITS; OR BUSINESS
  28:./Middlewares/LwIP/src/core/ipv4/ip4_addr.c ****  * INTERRUPTION) HOWEVER CAUSED AND ON ANY THEORY OF LIABILITY, WHETHER IN
  29:./Middlewares/LwIP/src/core/ipv4/ip4_addr.c ****  * CONTRACT, STRICT LIABILITY, OR TORT (INCLUDING NEGLIGENCE OR OTHERWISE) ARISING
ARM GAS  /var/folders/yz/w8msd8211qzc60m57tpkzbn80000gn/T//cc1fi19i.s 			page 2


  30:./Middlewares/LwIP/src/core/ipv4/ip4_addr.c ****  * IN ANY WAY OUT OF THE USE OF THIS SOFTWARE, EVEN IF ADVISED OF THE POSSIBILITY
  31:./Middlewares/LwIP/src/core/ipv4/ip4_addr.c ****  * OF SUCH DAMAGE.
  32:./Middlewares/LwIP/src/core/ipv4/ip4_addr.c ****  *
  33:./Middlewares/LwIP/src/core/ipv4/ip4_addr.c ****  * This file is part of the lwIP TCP/IP stack.
  34:./Middlewares/LwIP/src/core/ipv4/ip4_addr.c ****  *
  35:./Middlewares/LwIP/src/core/ipv4/ip4_addr.c ****  * Author: Adam Dunkels <adam@sics.se>
  36:./Middlewares/LwIP/src/core/ipv4/ip4_addr.c ****  *
  37:./Middlewares/LwIP/src/core/ipv4/ip4_addr.c ****  */
  38:./Middlewares/LwIP/src/core/ipv4/ip4_addr.c **** 
  39:./Middlewares/LwIP/src/core/ipv4/ip4_addr.c **** #include "lwip/opt.h"
  40:./Middlewares/LwIP/src/core/ipv4/ip4_addr.c **** 
  41:./Middlewares/LwIP/src/core/ipv4/ip4_addr.c **** #if LWIP_IPV4
  42:./Middlewares/LwIP/src/core/ipv4/ip4_addr.c **** 
  43:./Middlewares/LwIP/src/core/ipv4/ip4_addr.c **** #include "lwip/ip_addr.h"
  44:./Middlewares/LwIP/src/core/ipv4/ip4_addr.c **** #include "lwip/netif.h"
  45:./Middlewares/LwIP/src/core/ipv4/ip4_addr.c **** 
  46:./Middlewares/LwIP/src/core/ipv4/ip4_addr.c **** /* used by IP4_ADDR_ANY and IP_ADDR_BROADCAST in ip_addr.h */
  47:./Middlewares/LwIP/src/core/ipv4/ip4_addr.c **** const ip_addr_t ip_addr_any = IPADDR4_INIT(IPADDR_ANY);
  48:./Middlewares/LwIP/src/core/ipv4/ip4_addr.c **** const ip_addr_t ip_addr_broadcast = IPADDR4_INIT(IPADDR_BROADCAST);
  49:./Middlewares/LwIP/src/core/ipv4/ip4_addr.c **** 
  50:./Middlewares/LwIP/src/core/ipv4/ip4_addr.c **** /**
  51:./Middlewares/LwIP/src/core/ipv4/ip4_addr.c ****  * Determine if an address is a broadcast address on a network interface
  52:./Middlewares/LwIP/src/core/ipv4/ip4_addr.c ****  *
  53:./Middlewares/LwIP/src/core/ipv4/ip4_addr.c ****  * @param addr address to be checked
  54:./Middlewares/LwIP/src/core/ipv4/ip4_addr.c ****  * @param netif the network interface against which the address is checked
  55:./Middlewares/LwIP/src/core/ipv4/ip4_addr.c ****  * @return returns non-zero if the address is a broadcast address
  56:./Middlewares/LwIP/src/core/ipv4/ip4_addr.c ****  */
  57:./Middlewares/LwIP/src/core/ipv4/ip4_addr.c **** u8_t
  58:./Middlewares/LwIP/src/core/ipv4/ip4_addr.c **** ip4_addr_isbroadcast_u32(u32_t addr, const struct netif *netif)
  59:./Middlewares/LwIP/src/core/ipv4/ip4_addr.c **** {
  30              		.loc 1 59 1 view -0
  31              		.cfi_startproc
  32              		@ args = 0, pretend = 0, frame = 0
  33              		@ frame_needed = 0, uses_anonymous_args = 0
  34              		@ link register save eliminated.
  35              		.loc 1 59 1 is_stmt 0 view .LVU1
  36 0000 0346     		mov	r3, r0
  60:./Middlewares/LwIP/src/core/ipv4/ip4_addr.c ****   ip4_addr_t ipaddr;
  37              		.loc 1 60 3 is_stmt 1 view .LVU2
  61:./Middlewares/LwIP/src/core/ipv4/ip4_addr.c ****   ip4_addr_set_u32(&ipaddr, addr);
  38              		.loc 1 61 3 view .LVU3
  62:./Middlewares/LwIP/src/core/ipv4/ip4_addr.c **** 
  63:./Middlewares/LwIP/src/core/ipv4/ip4_addr.c ****   /* all ones (broadcast) or all zeroes (old skool broadcast) */
  64:./Middlewares/LwIP/src/core/ipv4/ip4_addr.c ****   if ((~addr == IPADDR_ANY) ||
  39              		.loc 1 64 3 view .LVU4
  40              		.loc 1 64 29 is_stmt 0 view .LVU5
  41 0002 421E     		subs	r2, r0, #1
  42              		.loc 1 64 6 view .LVU6
  43 0004 12F1030F 		cmn	r2, #3
  44 0008 12D8     		bhi	.L3
  65:./Middlewares/LwIP/src/core/ipv4/ip4_addr.c ****       (addr == IPADDR_ANY)) {
  66:./Middlewares/LwIP/src/core/ipv4/ip4_addr.c ****     return 1;
  67:./Middlewares/LwIP/src/core/ipv4/ip4_addr.c ****     /* no broadcast support on this network interface? */
  68:./Middlewares/LwIP/src/core/ipv4/ip4_addr.c ****   } else if ((netif->flags & NETIF_FLAG_BROADCAST) == 0) {
  45              		.loc 1 68 10 is_stmt 1 view .LVU7
  46              		.loc 1 68 20 is_stmt 0 view .LVU8
  47 000a 91F83100 		ldrb	r0, [r1, #49]	@ zero_extendqisi2
ARM GAS  /var/folders/yz/w8msd8211qzc60m57tpkzbn80000gn/T//cc1fi19i.s 			page 3


  48              	.LVL1:
  49              		.loc 1 68 13 view .LVU9
  50 000e 10F00200 		ands	r0, r0, #2
  51 0012 14D0     		beq	.L2
  69:./Middlewares/LwIP/src/core/ipv4/ip4_addr.c ****     /* the given address cannot be a broadcast address
  70:./Middlewares/LwIP/src/core/ipv4/ip4_addr.c ****      * nor can we check against any broadcast addresses */
  71:./Middlewares/LwIP/src/core/ipv4/ip4_addr.c ****     return 0;
  72:./Middlewares/LwIP/src/core/ipv4/ip4_addr.c ****     /* address matches network interface address exactly? => no broadcast */
  73:./Middlewares/LwIP/src/core/ipv4/ip4_addr.c ****   } else if (addr == ip4_addr_get_u32(netif_ip4_addr(netif))) {
  52              		.loc 1 73 10 is_stmt 1 view .LVU10
  53              		.loc 1 73 22 is_stmt 0 view .LVU11
  54 0014 4A68     		ldr	r2, [r1, #4]
  55              		.loc 1 73 13 view .LVU12
  56 0016 9A42     		cmp	r2, r3
  57 0018 0CD0     		beq	.L4
  74:./Middlewares/LwIP/src/core/ipv4/ip4_addr.c ****     return 0;
  75:./Middlewares/LwIP/src/core/ipv4/ip4_addr.c ****     /*  on the same (sub) network... */
  76:./Middlewares/LwIP/src/core/ipv4/ip4_addr.c ****   } else if (ip4_addr_netcmp(&ipaddr, netif_ip4_addr(netif), netif_ip4_netmask(netif))
  58              		.loc 1 76 10 is_stmt 1 view .LVU13
  59              		.loc 1 76 14 is_stmt 0 view .LVU14
  60 001a 8868     		ldr	r0, [r1, #8]
  61 001c 5A40     		eors	r2, r2, r3
  62              		.loc 1 76 13 view .LVU15
  63 001e 0242     		tst	r2, r0
  64 0020 0AD1     		bne	.L5
  77:./Middlewares/LwIP/src/core/ipv4/ip4_addr.c ****              /* ...and host identifier bits are all ones? =>... */
  78:./Middlewares/LwIP/src/core/ipv4/ip4_addr.c ****              && ((addr & ~ip4_addr_get_u32(netif_ip4_netmask(netif))) ==
  65              		.loc 1 78 26 view .LVU16
  66 0022 C243     		mvns	r2, r0
  67              		.loc 1 78 24 view .LVU17
  68 0024 23EA0003 		bic	r3, r3, r0
  69              	.LVL2:
  70              		.loc 1 78 14 view .LVU18
  71 0028 9A42     		cmp	r2, r3
  72 002a 07D0     		beq	.L6
  79:./Middlewares/LwIP/src/core/ipv4/ip4_addr.c ****                  (IPADDR_BROADCAST & ~ip4_addr_get_u32(netif_ip4_netmask(netif))))) {
  80:./Middlewares/LwIP/src/core/ipv4/ip4_addr.c ****     /* => network broadcast address */
  81:./Middlewares/LwIP/src/core/ipv4/ip4_addr.c ****     return 1;
  82:./Middlewares/LwIP/src/core/ipv4/ip4_addr.c ****   } else {
  83:./Middlewares/LwIP/src/core/ipv4/ip4_addr.c ****     return 0;
  73              		.loc 1 83 12 view .LVU19
  74 002c 0020     		movs	r0, #0
  75 002e 7047     		bx	lr
  76              	.LVL3:
  77              	.L3:
  66:./Middlewares/LwIP/src/core/ipv4/ip4_addr.c ****     /* no broadcast support on this network interface? */
  78              		.loc 1 66 12 view .LVU20
  79 0030 0120     		movs	r0, #1
  80              	.LVL4:
  66:./Middlewares/LwIP/src/core/ipv4/ip4_addr.c ****     /* no broadcast support on this network interface? */
  81              		.loc 1 66 12 view .LVU21
  82 0032 7047     		bx	lr
  83              	.L4:
  74:./Middlewares/LwIP/src/core/ipv4/ip4_addr.c ****     /*  on the same (sub) network... */
  84              		.loc 1 74 12 view .LVU22
  85 0034 0020     		movs	r0, #0
  86 0036 7047     		bx	lr
ARM GAS  /var/folders/yz/w8msd8211qzc60m57tpkzbn80000gn/T//cc1fi19i.s 			page 4


  87              	.L5:
  88              		.loc 1 83 12 view .LVU23
  89 0038 0020     		movs	r0, #0
  90 003a 7047     		bx	lr
  91              	.LVL5:
  92              	.L6:
  81:./Middlewares/LwIP/src/core/ipv4/ip4_addr.c ****   } else {
  93              		.loc 1 81 12 view .LVU24
  94 003c 0120     		movs	r0, #1
  95              	.L2:
  84:./Middlewares/LwIP/src/core/ipv4/ip4_addr.c ****   }
  85:./Middlewares/LwIP/src/core/ipv4/ip4_addr.c **** }
  96              		.loc 1 85 1 view .LVU25
  97 003e 7047     		bx	lr
  98              		.cfi_endproc
  99              	.LFE25:
 101              		.section	.text.ip4_addr_netmask_valid,"ax",%progbits
 102              		.align	1
 103              		.global	ip4_addr_netmask_valid
 104              		.syntax unified
 105              		.thumb
 106              		.thumb_func
 107              		.fpu fpv5-sp-d16
 109              	ip4_addr_netmask_valid:
 110              	.LVL6:
 111              	.LFB26:
  86:./Middlewares/LwIP/src/core/ipv4/ip4_addr.c **** 
  87:./Middlewares/LwIP/src/core/ipv4/ip4_addr.c **** /** Checks if a netmask is valid (starting with ones, then only zeros)
  88:./Middlewares/LwIP/src/core/ipv4/ip4_addr.c ****  *
  89:./Middlewares/LwIP/src/core/ipv4/ip4_addr.c ****  * @param netmask the IPv4 netmask to check (in network byte order!)
  90:./Middlewares/LwIP/src/core/ipv4/ip4_addr.c ****  * @return 1 if the netmask is valid, 0 if it is not
  91:./Middlewares/LwIP/src/core/ipv4/ip4_addr.c ****  */
  92:./Middlewares/LwIP/src/core/ipv4/ip4_addr.c **** u8_t
  93:./Middlewares/LwIP/src/core/ipv4/ip4_addr.c **** ip4_addr_netmask_valid(u32_t netmask)
  94:./Middlewares/LwIP/src/core/ipv4/ip4_addr.c **** {
 112              		.loc 1 94 1 is_stmt 1 view -0
 113              		.cfi_startproc
 114              		@ args = 0, pretend = 0, frame = 0
 115              		@ frame_needed = 0, uses_anonymous_args = 0
 116              		.loc 1 94 1 is_stmt 0 view .LVU27
 117 0000 08B5     		push	{r3, lr}
 118              	.LCFI0:
 119              		.cfi_def_cfa_offset 8
 120              		.cfi_offset 3, -8
 121              		.cfi_offset 14, -4
  95:./Middlewares/LwIP/src/core/ipv4/ip4_addr.c ****   u32_t mask;
 122              		.loc 1 95 3 is_stmt 1 view .LVU28
  96:./Middlewares/LwIP/src/core/ipv4/ip4_addr.c ****   u32_t nm_hostorder = lwip_htonl(netmask);
 123              		.loc 1 96 3 view .LVU29
 124              		.loc 1 96 24 is_stmt 0 view .LVU30
 125 0002 FFF7FEFF 		bl	lwip_htonl
 126              	.LVL7:
  97:./Middlewares/LwIP/src/core/ipv4/ip4_addr.c **** 
  98:./Middlewares/LwIP/src/core/ipv4/ip4_addr.c ****   /* first, check for the first zero */
  99:./Middlewares/LwIP/src/core/ipv4/ip4_addr.c ****   for (mask = 1UL << 31 ; mask != 0; mask >>= 1) {
 127              		.loc 1 99 3 is_stmt 1 view .LVU31
 128              		.loc 1 99 13 is_stmt 0 view .LVU32
ARM GAS  /var/folders/yz/w8msd8211qzc60m57tpkzbn80000gn/T//cc1fi19i.s 			page 5


 129 0006 4FF00043 		mov	r3, #-2147483648
 130              	.LVL8:
 131              	.L8:
 132              		.loc 1 99 27 is_stmt 1 discriminator 1 view .LVU33
 133              		.loc 1 99 3 is_stmt 0 discriminator 1 view .LVU34
 134 000a 1BB1     		cbz	r3, .L12
 100:./Middlewares/LwIP/src/core/ipv4/ip4_addr.c ****     if ((nm_hostorder & mask) == 0) {
 135              		.loc 1 100 5 is_stmt 1 view .LVU35
 136              		.loc 1 100 8 is_stmt 0 view .LVU36
 137 000c 0342     		tst	r3, r0
 138 000e 01D0     		beq	.L12
  99:./Middlewares/LwIP/src/core/ipv4/ip4_addr.c ****     if ((nm_hostorder & mask) == 0) {
 139              		.loc 1 99 38 is_stmt 1 discriminator 2 view .LVU37
  99:./Middlewares/LwIP/src/core/ipv4/ip4_addr.c ****     if ((nm_hostorder & mask) == 0) {
 140              		.loc 1 99 43 is_stmt 0 discriminator 2 view .LVU38
 141 0010 5B08     		lsrs	r3, r3, #1
 142              	.LVL9:
  99:./Middlewares/LwIP/src/core/ipv4/ip4_addr.c ****     if ((nm_hostorder & mask) == 0) {
 143              		.loc 1 99 43 discriminator 2 view .LVU39
 144 0012 FAE7     		b	.L8
 145              	.L12:
 101:./Middlewares/LwIP/src/core/ipv4/ip4_addr.c ****       break;
 102:./Middlewares/LwIP/src/core/ipv4/ip4_addr.c ****     }
 103:./Middlewares/LwIP/src/core/ipv4/ip4_addr.c ****   }
 104:./Middlewares/LwIP/src/core/ipv4/ip4_addr.c ****   /* then check that there is no one */
 105:./Middlewares/LwIP/src/core/ipv4/ip4_addr.c ****   for (; mask != 0; mask >>= 1) {
 146              		.loc 1 105 10 is_stmt 1 discriminator 1 view .LVU40
 147              		.loc 1 105 3 is_stmt 0 discriminator 1 view .LVU41
 148 0014 1BB1     		cbz	r3, .L16
 106:./Middlewares/LwIP/src/core/ipv4/ip4_addr.c ****     if ((nm_hostorder & mask) != 0) {
 149              		.loc 1 106 5 is_stmt 1 view .LVU42
 150              		.loc 1 106 8 is_stmt 0 view .LVU43
 151 0016 0342     		tst	r3, r0
 152 0018 03D1     		bne	.L14
 105:./Middlewares/LwIP/src/core/ipv4/ip4_addr.c ****     if ((nm_hostorder & mask) != 0) {
 153              		.loc 1 105 21 is_stmt 1 view .LVU44
 105:./Middlewares/LwIP/src/core/ipv4/ip4_addr.c ****     if ((nm_hostorder & mask) != 0) {
 154              		.loc 1 105 26 is_stmt 0 view .LVU45
 155 001a 5B08     		lsrs	r3, r3, #1
 156              	.LVL10:
 105:./Middlewares/LwIP/src/core/ipv4/ip4_addr.c ****     if ((nm_hostorder & mask) != 0) {
 157              		.loc 1 105 26 view .LVU46
 158 001c FAE7     		b	.L12
 159              	.L16:
 107:./Middlewares/LwIP/src/core/ipv4/ip4_addr.c ****       /* there is a one after the first zero -> invalid */
 108:./Middlewares/LwIP/src/core/ipv4/ip4_addr.c ****       return 0;
 109:./Middlewares/LwIP/src/core/ipv4/ip4_addr.c ****     }
 110:./Middlewares/LwIP/src/core/ipv4/ip4_addr.c ****   }
 111:./Middlewares/LwIP/src/core/ipv4/ip4_addr.c ****   /* no one after the first zero -> valid */
 112:./Middlewares/LwIP/src/core/ipv4/ip4_addr.c ****   return 1;
 160              		.loc 1 112 10 view .LVU47
 161 001e 0120     		movs	r0, #1
 162              	.LVL11:
 163              	.L11:
 113:./Middlewares/LwIP/src/core/ipv4/ip4_addr.c **** }
 164              		.loc 1 113 1 view .LVU48
 165 0020 08BD     		pop	{r3, pc}
ARM GAS  /var/folders/yz/w8msd8211qzc60m57tpkzbn80000gn/T//cc1fi19i.s 			page 6


 166              	.LVL12:
 167              	.L14:
 108:./Middlewares/LwIP/src/core/ipv4/ip4_addr.c ****     }
 168              		.loc 1 108 14 view .LVU49
 169 0022 0020     		movs	r0, #0
 170              	.LVL13:
 108:./Middlewares/LwIP/src/core/ipv4/ip4_addr.c ****     }
 171              		.loc 1 108 14 view .LVU50
 172 0024 FCE7     		b	.L11
 173              		.cfi_endproc
 174              	.LFE26:
 176              		.section	.rodata.ip4addr_aton.str1.4,"aMS",%progbits,1
 177              		.align	2
 178              	.LC0:
 179 0000 2E2F4D69 		.ascii	"./Middlewares/LwIP/src/core/ipv4/ip4_addr.c\000"
 179      64646C65 
 179      77617265 
 179      732F4C77 
 179      49502F73 
 180              		.align	2
 181              	.LC1:
 182 002c 756E6861 		.ascii	"unhandled\000"
 182      6E646C65 
 182      6400
 183 0036 0000     		.align	2
 184              	.LC2:
 185 0038 41737365 		.ascii	"Assertion \"%s\" failed at line %d in %s\012\000"
 185      7274696F 
 185      6E202225 
 185      73222066 
 185      61696C65 
 186              		.section	.text.ip4addr_aton,"ax",%progbits
 187              		.align	1
 188              		.global	ip4addr_aton
 189              		.syntax unified
 190              		.thumb
 191              		.thumb_func
 192              		.fpu fpv5-sp-d16
 194              	ip4addr_aton:
 195              	.LVL14:
 196              	.LFB28:
 114:./Middlewares/LwIP/src/core/ipv4/ip4_addr.c **** 
 115:./Middlewares/LwIP/src/core/ipv4/ip4_addr.c **** /**
 116:./Middlewares/LwIP/src/core/ipv4/ip4_addr.c ****  * Ascii internet address interpretation routine.
 117:./Middlewares/LwIP/src/core/ipv4/ip4_addr.c ****  * The value returned is in network order.
 118:./Middlewares/LwIP/src/core/ipv4/ip4_addr.c ****  *
 119:./Middlewares/LwIP/src/core/ipv4/ip4_addr.c ****  * @param cp IP address in ascii representation (e.g. "127.0.0.1")
 120:./Middlewares/LwIP/src/core/ipv4/ip4_addr.c ****  * @return ip address in network order
 121:./Middlewares/LwIP/src/core/ipv4/ip4_addr.c ****  */
 122:./Middlewares/LwIP/src/core/ipv4/ip4_addr.c **** u32_t
 123:./Middlewares/LwIP/src/core/ipv4/ip4_addr.c **** ipaddr_addr(const char *cp)
 124:./Middlewares/LwIP/src/core/ipv4/ip4_addr.c **** {
 125:./Middlewares/LwIP/src/core/ipv4/ip4_addr.c ****   ip4_addr_t val;
 126:./Middlewares/LwIP/src/core/ipv4/ip4_addr.c **** 
 127:./Middlewares/LwIP/src/core/ipv4/ip4_addr.c ****   if (ip4addr_aton(cp, &val)) {
 128:./Middlewares/LwIP/src/core/ipv4/ip4_addr.c ****     return ip4_addr_get_u32(&val);
 129:./Middlewares/LwIP/src/core/ipv4/ip4_addr.c ****   }
ARM GAS  /var/folders/yz/w8msd8211qzc60m57tpkzbn80000gn/T//cc1fi19i.s 			page 7


 130:./Middlewares/LwIP/src/core/ipv4/ip4_addr.c ****   return (IPADDR_NONE);
 131:./Middlewares/LwIP/src/core/ipv4/ip4_addr.c **** }
 132:./Middlewares/LwIP/src/core/ipv4/ip4_addr.c **** 
 133:./Middlewares/LwIP/src/core/ipv4/ip4_addr.c **** /**
 134:./Middlewares/LwIP/src/core/ipv4/ip4_addr.c ****  * Check whether "cp" is a valid ascii representation
 135:./Middlewares/LwIP/src/core/ipv4/ip4_addr.c ****  * of an Internet address and convert to a binary address.
 136:./Middlewares/LwIP/src/core/ipv4/ip4_addr.c ****  * Returns 1 if the address is valid, 0 if not.
 137:./Middlewares/LwIP/src/core/ipv4/ip4_addr.c ****  * This replaces inet_addr, the return value from which
 138:./Middlewares/LwIP/src/core/ipv4/ip4_addr.c ****  * cannot distinguish between failure and a local broadcast address.
 139:./Middlewares/LwIP/src/core/ipv4/ip4_addr.c ****  *
 140:./Middlewares/LwIP/src/core/ipv4/ip4_addr.c ****  * @param cp IP address in ascii representation (e.g. "127.0.0.1")
 141:./Middlewares/LwIP/src/core/ipv4/ip4_addr.c ****  * @param addr pointer to which to save the ip address in network order
 142:./Middlewares/LwIP/src/core/ipv4/ip4_addr.c ****  * @return 1 if cp could be converted to addr, 0 on failure
 143:./Middlewares/LwIP/src/core/ipv4/ip4_addr.c ****  */
 144:./Middlewares/LwIP/src/core/ipv4/ip4_addr.c **** int
 145:./Middlewares/LwIP/src/core/ipv4/ip4_addr.c **** ip4addr_aton(const char *cp, ip4_addr_t *addr)
 146:./Middlewares/LwIP/src/core/ipv4/ip4_addr.c **** {
 197              		.loc 1 146 1 is_stmt 1 view -0
 198              		.cfi_startproc
 199              		@ args = 0, pretend = 0, frame = 16
 200              		@ frame_needed = 0, uses_anonymous_args = 0
 201              		.loc 1 146 1 is_stmt 0 view .LVU52
 202 0000 F0B5     		push	{r4, r5, r6, r7, lr}
 203              	.LCFI1:
 204              		.cfi_def_cfa_offset 20
 205              		.cfi_offset 4, -20
 206              		.cfi_offset 5, -16
 207              		.cfi_offset 6, -12
 208              		.cfi_offset 7, -8
 209              		.cfi_offset 14, -4
 210 0002 85B0     		sub	sp, sp, #20
 211              	.LCFI2:
 212              		.cfi_def_cfa_offset 40
 213 0004 0E46     		mov	r6, r1
 147:./Middlewares/LwIP/src/core/ipv4/ip4_addr.c ****   u32_t val;
 214              		.loc 1 147 3 is_stmt 1 view .LVU53
 148:./Middlewares/LwIP/src/core/ipv4/ip4_addr.c ****   u8_t base;
 215              		.loc 1 148 3 view .LVU54
 149:./Middlewares/LwIP/src/core/ipv4/ip4_addr.c ****   char c;
 216              		.loc 1 149 3 view .LVU55
 150:./Middlewares/LwIP/src/core/ipv4/ip4_addr.c ****   u32_t parts[4];
 217              		.loc 1 150 3 view .LVU56
 151:./Middlewares/LwIP/src/core/ipv4/ip4_addr.c ****   u32_t *pp = parts;
 218              		.loc 1 151 3 view .LVU57
 219              	.LVL15:
 152:./Middlewares/LwIP/src/core/ipv4/ip4_addr.c **** 
 153:./Middlewares/LwIP/src/core/ipv4/ip4_addr.c ****   c = *cp;
 220              		.loc 1 153 3 view .LVU58
 221              		.loc 1 153 5 is_stmt 0 view .LVU59
 222 0006 0378     		ldrb	r3, [r0]	@ zero_extendqisi2
 223              	.LVL16:
 151:./Middlewares/LwIP/src/core/ipv4/ip4_addr.c ****   u32_t *pp = parts;
 224              		.loc 1 151 10 view .LVU60
 225 0008 6F46     		mov	r7, sp
 226 000a 35E0     		b	.L26
 227              	.LVL17:
 228              	.L53:
ARM GAS  /var/folders/yz/w8msd8211qzc60m57tpkzbn80000gn/T//cc1fi19i.s 			page 8


 154:./Middlewares/LwIP/src/core/ipv4/ip4_addr.c ****   for (;;) {
 155:./Middlewares/LwIP/src/core/ipv4/ip4_addr.c ****     /*
 156:./Middlewares/LwIP/src/core/ipv4/ip4_addr.c ****      * Collect number up to ``.''.
 157:./Middlewares/LwIP/src/core/ipv4/ip4_addr.c ****      * Values are specified as for C:
 158:./Middlewares/LwIP/src/core/ipv4/ip4_addr.c ****      * 0x=hex, 0=octal, 1-9=decimal.
 159:./Middlewares/LwIP/src/core/ipv4/ip4_addr.c ****      */
 160:./Middlewares/LwIP/src/core/ipv4/ip4_addr.c ****     if (!lwip_isdigit(c)) {
 161:./Middlewares/LwIP/src/core/ipv4/ip4_addr.c ****       return 0;
 162:./Middlewares/LwIP/src/core/ipv4/ip4_addr.c ****     }
 163:./Middlewares/LwIP/src/core/ipv4/ip4_addr.c ****     val = 0;
 164:./Middlewares/LwIP/src/core/ipv4/ip4_addr.c ****     base = 10;
 165:./Middlewares/LwIP/src/core/ipv4/ip4_addr.c ****     if (c == '0') {
 166:./Middlewares/LwIP/src/core/ipv4/ip4_addr.c ****       c = *++cp;
 229              		.loc 1 166 7 is_stmt 1 view .LVU61
 230              		.loc 1 166 9 is_stmt 0 view .LVU62
 231 000c 421C     		adds	r2, r0, #1
 232              	.LVL18:
 233              		.loc 1 166 9 view .LVU63
 234 000e 4378     		ldrb	r3, [r0, #1]	@ zero_extendqisi2
 235              	.LVL19:
 167:./Middlewares/LwIP/src/core/ipv4/ip4_addr.c ****       if (c == 'x' || c == 'X') {
 236              		.loc 1 167 7 is_stmt 1 view .LVU64
 237              		.loc 1 167 10 is_stmt 0 view .LVU65
 238 0010 582B     		cmp	r3, #88
 239 0012 18BF     		it	ne
 240 0014 782B     		cmpne	r3, #120
 241 0016 03D1     		bne	.L36
 168:./Middlewares/LwIP/src/core/ipv4/ip4_addr.c ****         base = 16;
 242              		.loc 1 168 9 is_stmt 1 view .LVU66
 243              	.LVL20:
 169:./Middlewares/LwIP/src/core/ipv4/ip4_addr.c ****         c = *++cp;
 244              		.loc 1 169 9 view .LVU67
 245              		.loc 1 169 11 is_stmt 0 view .LVU68
 246 0018 8378     		ldrb	r3, [r0, #2]	@ zero_extendqisi2
 247              	.LVL21:
 248              		.loc 1 169 11 view .LVU69
 249 001a 0230     		adds	r0, r0, #2
 250              	.LVL22:
 168:./Middlewares/LwIP/src/core/ipv4/ip4_addr.c ****         base = 16;
 251              		.loc 1 168 14 view .LVU70
 252 001c 1021     		movs	r1, #16
 253 001e 33E0     		b	.L19
 254              	.LVL23:
 255              	.L36:
 166:./Middlewares/LwIP/src/core/ipv4/ip4_addr.c ****       if (c == 'x' || c == 'X') {
 256              		.loc 1 166 9 view .LVU71
 257 0020 1046     		mov	r0, r2
 170:./Middlewares/LwIP/src/core/ipv4/ip4_addr.c ****       } else {
 171:./Middlewares/LwIP/src/core/ipv4/ip4_addr.c ****         base = 8;
 258              		.loc 1 171 14 view .LVU72
 259 0022 0821     		movs	r1, #8
 260 0024 30E0     		b	.L19
 261              	.LVL24:
 262              	.L51:
 172:./Middlewares/LwIP/src/core/ipv4/ip4_addr.c ****       }
 173:./Middlewares/LwIP/src/core/ipv4/ip4_addr.c ****     }
 174:./Middlewares/LwIP/src/core/ipv4/ip4_addr.c ****     for (;;) {
ARM GAS  /var/folders/yz/w8msd8211qzc60m57tpkzbn80000gn/T//cc1fi19i.s 			page 9


 175:./Middlewares/LwIP/src/core/ipv4/ip4_addr.c ****       if (lwip_isdigit(c)) {
 176:./Middlewares/LwIP/src/core/ipv4/ip4_addr.c ****         val = (val * base) + (u32_t)(c - '0');
 263              		.loc 1 176 9 is_stmt 1 view .LVU73
 264              		.loc 1 176 28 is_stmt 0 view .LVU74
 265 0026 05FB0133 		mla	r3, r5, r1, r3
 266              	.LVL25:
 267              		.loc 1 176 13 view .LVU75
 268 002a A3F13005 		sub	r5, r3, #48
 269              	.LVL26:
 177:./Middlewares/LwIP/src/core/ipv4/ip4_addr.c ****         c = *++cp;
 270              		.loc 1 177 9 is_stmt 1 view .LVU76
 271              		.loc 1 177 11 is_stmt 0 view .LVU77
 272 002e 10F8013F 		ldrb	r3, [r0, #1]!	@ zero_extendqisi2
 273              	.LVL27:
 274              	.L20:
 174:./Middlewares/LwIP/src/core/ipv4/ip4_addr.c ****       if (lwip_isdigit(c)) {
 275              		.loc 1 174 5 is_stmt 1 view .LVU78
 175:./Middlewares/LwIP/src/core/ipv4/ip4_addr.c ****         val = (val * base) + (u32_t)(c - '0');
 276              		.loc 1 175 7 view .LVU79
 175:./Middlewares/LwIP/src/core/ipv4/ip4_addr.c ****         val = (val * base) + (u32_t)(c - '0');
 277              		.loc 1 175 11 is_stmt 0 view .LVU80
 278 0032 474A     		ldr	r2, .L54
 279 0034 9C5C     		ldrb	r4, [r3, r2]	@ zero_extendqisi2
 175:./Middlewares/LwIP/src/core/ipv4/ip4_addr.c ****         val = (val * base) + (u32_t)(c - '0');
 280              		.loc 1 175 10 view .LVU81
 281 0036 14F0040F 		tst	r4, #4
 282 003a F4D1     		bne	.L51
 178:./Middlewares/LwIP/src/core/ipv4/ip4_addr.c ****       } else if (base == 16 && lwip_isxdigit(c)) {
 283              		.loc 1 178 14 is_stmt 1 view .LVU82
 284              		.loc 1 178 17 is_stmt 0 view .LVU83
 285 003c 1029     		cmp	r1, #16
 286 003e 10D1     		bne	.L23
 287              		.loc 1 178 29 discriminator 1 view .LVU84
 288 0040 14F0440F 		tst	r4, #68
 289 0044 0DD0     		beq	.L23
 179:./Middlewares/LwIP/src/core/ipv4/ip4_addr.c ****         val = (val << 4) | (u32_t)(c + 10 - (lwip_islower(c) ? 'a' : 'A'));
 290              		.loc 1 179 9 is_stmt 1 view .LVU85
 291              		.loc 1 179 20 is_stmt 0 view .LVU86
 292 0046 2D01     		lsls	r5, r5, #4
 293              	.LVL28:
 294              		.loc 1 179 38 view .LVU87
 295 0048 0A33     		adds	r3, r3, #10
 296              	.LVL29:
 297              		.loc 1 179 68 view .LVU88
 298 004a 04F00304 		and	r4, r4, #3
 299 004e 022C     		cmp	r4, #2
 300 0050 05D0     		beq	.L52
 301 0052 4122     		movs	r2, #65
 302              	.L24:
 303              		.loc 1 179 43 discriminator 4 view .LVU89
 304 0054 9A1A     		subs	r2, r3, r2
 305              		.loc 1 179 13 discriminator 4 view .LVU90
 306 0056 1543     		orrs	r5, r5, r2
 307              	.LVL30:
 180:./Middlewares/LwIP/src/core/ipv4/ip4_addr.c ****         c = *++cp;
 308              		.loc 1 180 9 is_stmt 1 discriminator 4 view .LVU91
 309              		.loc 1 180 11 is_stmt 0 discriminator 4 view .LVU92
ARM GAS  /var/folders/yz/w8msd8211qzc60m57tpkzbn80000gn/T//cc1fi19i.s 			page 10


 310 0058 10F8013F 		ldrb	r3, [r0, #1]!	@ zero_extendqisi2
 311              	.LVL31:
 312              		.loc 1 180 11 discriminator 4 view .LVU93
 313 005c E9E7     		b	.L20
 314              	.LVL32:
 315              	.L52:
 179:./Middlewares/LwIP/src/core/ipv4/ip4_addr.c ****         val = (val << 4) | (u32_t)(c + 10 - (lwip_islower(c) ? 'a' : 'A'));
 316              		.loc 1 179 68 view .LVU94
 317 005e 6122     		movs	r2, #97
 318 0060 F8E7     		b	.L24
 319              	.LVL33:
 320              	.L23:
 181:./Middlewares/LwIP/src/core/ipv4/ip4_addr.c ****       } else {
 182:./Middlewares/LwIP/src/core/ipv4/ip4_addr.c ****         break;
 183:./Middlewares/LwIP/src/core/ipv4/ip4_addr.c ****       }
 184:./Middlewares/LwIP/src/core/ipv4/ip4_addr.c ****     }
 185:./Middlewares/LwIP/src/core/ipv4/ip4_addr.c ****     if (c == '.') {
 321              		.loc 1 185 5 is_stmt 1 view .LVU95
 322              		.loc 1 185 8 is_stmt 0 view .LVU96
 323 0062 2E2B     		cmp	r3, #46
 324 0064 12D1     		bne	.L25
 186:./Middlewares/LwIP/src/core/ipv4/ip4_addr.c ****       /*
 187:./Middlewares/LwIP/src/core/ipv4/ip4_addr.c ****        * Internet format:
 188:./Middlewares/LwIP/src/core/ipv4/ip4_addr.c ****        *  a.b.c.d
 189:./Middlewares/LwIP/src/core/ipv4/ip4_addr.c ****        *  a.b.c   (with c treated as 16 bits)
 190:./Middlewares/LwIP/src/core/ipv4/ip4_addr.c ****        *  a.b (with b treated as 24 bits)
 191:./Middlewares/LwIP/src/core/ipv4/ip4_addr.c ****        */
 192:./Middlewares/LwIP/src/core/ipv4/ip4_addr.c ****       if (pp >= parts + 3) {
 325              		.loc 1 192 7 is_stmt 1 view .LVU97
 326              		.loc 1 192 10 is_stmt 0 view .LVU98
 327 0066 03AB     		add	r3, sp, #12
 328              	.LVL34:
 329              		.loc 1 192 10 view .LVU99
 330 0068 9F42     		cmp	r7, r3
 331 006a 57D2     		bcs	.L38
 193:./Middlewares/LwIP/src/core/ipv4/ip4_addr.c ****         return 0;
 194:./Middlewares/LwIP/src/core/ipv4/ip4_addr.c ****       }
 195:./Middlewares/LwIP/src/core/ipv4/ip4_addr.c ****       *pp++ = val;
 332              		.loc 1 195 7 is_stmt 1 view .LVU100
 333              		.loc 1 195 10 is_stmt 0 view .LVU101
 334 006c 3A46     		mov	r2, r7
 335              	.LVL35:
 336              		.loc 1 195 13 view .LVU102
 337 006e 42F8045B 		str	r5, [r2], #4
 338              	.LVL36:
 196:./Middlewares/LwIP/src/core/ipv4/ip4_addr.c ****       c = *++cp;
 339              		.loc 1 196 7 is_stmt 1 view .LVU103
 340              		.loc 1 196 9 is_stmt 0 view .LVU104
 341 0072 4378     		ldrb	r3, [r0, #1]	@ zero_extendqisi2
 342              	.LVL37:
 154:./Middlewares/LwIP/src/core/ipv4/ip4_addr.c ****     /*
 343              		.loc 1 154 9 is_stmt 1 view .LVU105
 195:./Middlewares/LwIP/src/core/ipv4/ip4_addr.c ****       c = *++cp;
 344              		.loc 1 195 10 is_stmt 0 view .LVU106
 345 0074 1746     		mov	r7, r2
 346              		.loc 1 196 9 view .LVU107
 347 0076 0130     		adds	r0, r0, #1
ARM GAS  /var/folders/yz/w8msd8211qzc60m57tpkzbn80000gn/T//cc1fi19i.s 			page 11


 348              	.LVL38:
 349              	.L26:
 154:./Middlewares/LwIP/src/core/ipv4/ip4_addr.c ****     /*
 350              		.loc 1 154 3 is_stmt 1 view .LVU108
 160:./Middlewares/LwIP/src/core/ipv4/ip4_addr.c ****       return 0;
 351              		.loc 1 160 5 view .LVU109
 160:./Middlewares/LwIP/src/core/ipv4/ip4_addr.c ****       return 0;
 352              		.loc 1 160 10 is_stmt 0 view .LVU110
 353 0078 354A     		ldr	r2, .L54
 354 007a 9A5C     		ldrb	r2, [r3, r2]	@ zero_extendqisi2
 160:./Middlewares/LwIP/src/core/ipv4/ip4_addr.c ****       return 0;
 355              		.loc 1 160 8 view .LVU111
 356 007c 12F0040F 		tst	r2, #4
 357 0080 4AD0     		beq	.L34
 163:./Middlewares/LwIP/src/core/ipv4/ip4_addr.c ****     base = 10;
 358              		.loc 1 163 5 is_stmt 1 view .LVU112
 359              	.LVL39:
 164:./Middlewares/LwIP/src/core/ipv4/ip4_addr.c ****     if (c == '0') {
 360              		.loc 1 164 5 view .LVU113
 165:./Middlewares/LwIP/src/core/ipv4/ip4_addr.c ****       c = *++cp;
 361              		.loc 1 165 5 view .LVU114
 165:./Middlewares/LwIP/src/core/ipv4/ip4_addr.c ****       c = *++cp;
 362              		.loc 1 165 8 is_stmt 0 view .LVU115
 363 0082 302B     		cmp	r3, #48
 364 0084 C2D0     		beq	.L53
 164:./Middlewares/LwIP/src/core/ipv4/ip4_addr.c ****     if (c == '0') {
 365              		.loc 1 164 10 view .LVU116
 366 0086 0A21     		movs	r1, #10
 367              	.LVL40:
 368              	.L19:
 171:./Middlewares/LwIP/src/core/ipv4/ip4_addr.c ****       }
 369              		.loc 1 171 14 view .LVU117
 370 0088 0025     		movs	r5, #0
 371 008a D2E7     		b	.L20
 372              	.LVL41:
 373              	.L25:
 197:./Middlewares/LwIP/src/core/ipv4/ip4_addr.c ****     } else {
 198:./Middlewares/LwIP/src/core/ipv4/ip4_addr.c ****       break;
 199:./Middlewares/LwIP/src/core/ipv4/ip4_addr.c ****     }
 200:./Middlewares/LwIP/src/core/ipv4/ip4_addr.c ****   }
 201:./Middlewares/LwIP/src/core/ipv4/ip4_addr.c ****   /*
 202:./Middlewares/LwIP/src/core/ipv4/ip4_addr.c ****    * Check for trailing characters.
 203:./Middlewares/LwIP/src/core/ipv4/ip4_addr.c ****    */
 204:./Middlewares/LwIP/src/core/ipv4/ip4_addr.c ****   if (c != '\0' && !lwip_isspace(c)) {
 374              		.loc 1 204 3 is_stmt 1 view .LVU118
 375              		.loc 1 204 6 is_stmt 0 view .LVU119
 376 008c 13B1     		cbz	r3, .L27
 377              		.loc 1 204 17 discriminator 1 view .LVU120
 378 008e 14F0080F 		tst	r4, #8
 379 0092 46D0     		beq	.L39
 380              	.L27:
 205:./Middlewares/LwIP/src/core/ipv4/ip4_addr.c ****     return 0;
 206:./Middlewares/LwIP/src/core/ipv4/ip4_addr.c ****   }
 207:./Middlewares/LwIP/src/core/ipv4/ip4_addr.c ****   /*
 208:./Middlewares/LwIP/src/core/ipv4/ip4_addr.c ****    * Concoct the address according to
 209:./Middlewares/LwIP/src/core/ipv4/ip4_addr.c ****    * the number of parts specified.
 210:./Middlewares/LwIP/src/core/ipv4/ip4_addr.c ****    */
ARM GAS  /var/folders/yz/w8msd8211qzc60m57tpkzbn80000gn/T//cc1fi19i.s 			page 12


 211:./Middlewares/LwIP/src/core/ipv4/ip4_addr.c ****   switch (pp - parts + 1) {
 381              		.loc 1 211 3 is_stmt 1 view .LVU121
 382              		.loc 1 211 14 is_stmt 0 view .LVU122
 383 0094 6846     		mov	r0, sp
 384              	.LVL42:
 385              		.loc 1 211 14 view .LVU123
 386 0096 381A     		subs	r0, r7, r0
 387 0098 8010     		asrs	r0, r0, #2
 388              		.loc 1 211 22 view .LVU124
 389 009a 0130     		adds	r0, r0, #1
 390 009c 0428     		cmp	r0, #4
 391 009e 34D8     		bhi	.L28
 392 00a0 DFE800F0 		tbb	[pc, r0]
 393              	.LVL43:
 394              	.L30:
 395 00a4 3D       		.byte	(.L17-.L30)/2
 396 00a5 0B       		.byte	(.L33-.L30)/2
 397 00a6 03       		.byte	(.L32-.L30)/2
 398 00a7 13       		.byte	(.L31-.L30)/2
 399 00a8 21       		.byte	(.L29-.L30)/2
 400 00a9 00       		.p2align 1
 401              	.L32:
 212:./Middlewares/LwIP/src/core/ipv4/ip4_addr.c **** 
 213:./Middlewares/LwIP/src/core/ipv4/ip4_addr.c ****     case 0:
 214:./Middlewares/LwIP/src/core/ipv4/ip4_addr.c ****       return 0;       /* initial nondigit */
 215:./Middlewares/LwIP/src/core/ipv4/ip4_addr.c **** 
 216:./Middlewares/LwIP/src/core/ipv4/ip4_addr.c ****     case 1:             /* a -- 32 bits */
 217:./Middlewares/LwIP/src/core/ipv4/ip4_addr.c ****       break;
 218:./Middlewares/LwIP/src/core/ipv4/ip4_addr.c **** 
 219:./Middlewares/LwIP/src/core/ipv4/ip4_addr.c ****     case 2:             /* a.b -- 8.24 bits */
 220:./Middlewares/LwIP/src/core/ipv4/ip4_addr.c ****       if (val > 0xffffffUL) {
 402              		.loc 1 220 7 is_stmt 1 view .LVU125
 403              		.loc 1 220 10 is_stmt 0 view .LVU126
 404 00aa B5F1807F 		cmp	r5, #16777216
 405 00ae 3AD2     		bcs	.L40
 221:./Middlewares/LwIP/src/core/ipv4/ip4_addr.c ****         return 0;
 222:./Middlewares/LwIP/src/core/ipv4/ip4_addr.c ****       }
 223:./Middlewares/LwIP/src/core/ipv4/ip4_addr.c ****       if (parts[0] > 0xff) {
 406              		.loc 1 223 7 is_stmt 1 view .LVU127
 407              		.loc 1 223 16 is_stmt 0 view .LVU128
 408 00b0 009B     		ldr	r3, [sp]
 409              		.loc 1 223 10 view .LVU129
 410 00b2 FF2B     		cmp	r3, #255
 411 00b4 39D8     		bhi	.L41
 224:./Middlewares/LwIP/src/core/ipv4/ip4_addr.c ****         return 0;
 225:./Middlewares/LwIP/src/core/ipv4/ip4_addr.c ****       }
 226:./Middlewares/LwIP/src/core/ipv4/ip4_addr.c ****       val |= parts[0] << 24;
 412              		.loc 1 226 7 is_stmt 1 view .LVU130
 413              		.loc 1 226 11 is_stmt 0 view .LVU131
 414 00b6 45EA0365 		orr	r5, r5, r3, lsl #24
 415              	.LVL44:
 227:./Middlewares/LwIP/src/core/ipv4/ip4_addr.c ****       break;
 416              		.loc 1 227 7 is_stmt 1 view .LVU132
 417              	.L33:
 228:./Middlewares/LwIP/src/core/ipv4/ip4_addr.c **** 
 229:./Middlewares/LwIP/src/core/ipv4/ip4_addr.c ****     case 3:             /* a.b.c -- 8.8.16 bits */
 230:./Middlewares/LwIP/src/core/ipv4/ip4_addr.c ****       if (val > 0xffff) {
ARM GAS  /var/folders/yz/w8msd8211qzc60m57tpkzbn80000gn/T//cc1fi19i.s 			page 13


 231:./Middlewares/LwIP/src/core/ipv4/ip4_addr.c ****         return 0;
 232:./Middlewares/LwIP/src/core/ipv4/ip4_addr.c ****       }
 233:./Middlewares/LwIP/src/core/ipv4/ip4_addr.c ****       if ((parts[0] > 0xff) || (parts[1] > 0xff)) {
 234:./Middlewares/LwIP/src/core/ipv4/ip4_addr.c ****         return 0;
 235:./Middlewares/LwIP/src/core/ipv4/ip4_addr.c ****       }
 236:./Middlewares/LwIP/src/core/ipv4/ip4_addr.c ****       val |= (parts[0] << 24) | (parts[1] << 16);
 237:./Middlewares/LwIP/src/core/ipv4/ip4_addr.c ****       break;
 238:./Middlewares/LwIP/src/core/ipv4/ip4_addr.c **** 
 239:./Middlewares/LwIP/src/core/ipv4/ip4_addr.c ****     case 4:             /* a.b.c.d -- 8.8.8.8 bits */
 240:./Middlewares/LwIP/src/core/ipv4/ip4_addr.c ****       if (val > 0xff) {
 241:./Middlewares/LwIP/src/core/ipv4/ip4_addr.c ****         return 0;
 242:./Middlewares/LwIP/src/core/ipv4/ip4_addr.c ****       }
 243:./Middlewares/LwIP/src/core/ipv4/ip4_addr.c ****       if ((parts[0] > 0xff) || (parts[1] > 0xff) || (parts[2] > 0xff)) {
 244:./Middlewares/LwIP/src/core/ipv4/ip4_addr.c ****         return 0;
 245:./Middlewares/LwIP/src/core/ipv4/ip4_addr.c ****       }
 246:./Middlewares/LwIP/src/core/ipv4/ip4_addr.c ****       val |= (parts[0] << 24) | (parts[1] << 16) | (parts[2] << 8);
 247:./Middlewares/LwIP/src/core/ipv4/ip4_addr.c ****       break;
 248:./Middlewares/LwIP/src/core/ipv4/ip4_addr.c ****     default:
 249:./Middlewares/LwIP/src/core/ipv4/ip4_addr.c ****       LWIP_ASSERT("unhandled", 0);
 250:./Middlewares/LwIP/src/core/ipv4/ip4_addr.c ****       break;
 251:./Middlewares/LwIP/src/core/ipv4/ip4_addr.c ****   }
 252:./Middlewares/LwIP/src/core/ipv4/ip4_addr.c ****   if (addr) {
 418              		.loc 1 252 3 view .LVU133
 419              		.loc 1 252 6 is_stmt 0 view .LVU134
 420 00ba 002E     		cmp	r6, #0
 421 00bc 45D0     		beq	.L49
 253:./Middlewares/LwIP/src/core/ipv4/ip4_addr.c ****     ip4_addr_set_u32(addr, lwip_htonl(val));
 422              		.loc 1 253 5 is_stmt 1 view .LVU135
 423 00be 2846     		mov	r0, r5
 424 00c0 FFF7FEFF 		bl	lwip_htonl
 425              	.LVL45:
 426 00c4 3060     		str	r0, [r6]
 254:./Middlewares/LwIP/src/core/ipv4/ip4_addr.c ****   }
 255:./Middlewares/LwIP/src/core/ipv4/ip4_addr.c ****   return 1;
 427              		.loc 1 255 10 is_stmt 0 view .LVU136
 428 00c6 0120     		movs	r0, #1
 429 00c8 29E0     		b	.L17
 430              	.LVL46:
 431              	.L31:
 230:./Middlewares/LwIP/src/core/ipv4/ip4_addr.c ****         return 0;
 432              		.loc 1 230 7 is_stmt 1 view .LVU137
 230:./Middlewares/LwIP/src/core/ipv4/ip4_addr.c ****         return 0;
 433              		.loc 1 230 10 is_stmt 0 view .LVU138
 434 00ca B5F5803F 		cmp	r5, #65536
 435 00ce 2ED2     		bcs	.L42
 233:./Middlewares/LwIP/src/core/ipv4/ip4_addr.c ****         return 0;
 436              		.loc 1 233 7 is_stmt 1 view .LVU139
 233:./Middlewares/LwIP/src/core/ipv4/ip4_addr.c ****         return 0;
 437              		.loc 1 233 17 is_stmt 0 view .LVU140
 438 00d0 009A     		ldr	r2, [sp]
 233:./Middlewares/LwIP/src/core/ipv4/ip4_addr.c ****         return 0;
 439              		.loc 1 233 10 view .LVU141
 440 00d2 FF2A     		cmp	r2, #255
 441 00d4 2DD8     		bhi	.L43
 233:./Middlewares/LwIP/src/core/ipv4/ip4_addr.c ****         return 0;
 442              		.loc 1 233 38 discriminator 1 view .LVU142
 443 00d6 019B     		ldr	r3, [sp, #4]
ARM GAS  /var/folders/yz/w8msd8211qzc60m57tpkzbn80000gn/T//cc1fi19i.s 			page 14


 233:./Middlewares/LwIP/src/core/ipv4/ip4_addr.c ****         return 0;
 444              		.loc 1 233 29 discriminator 1 view .LVU143
 445 00d8 FF2B     		cmp	r3, #255
 446 00da 2CD8     		bhi	.L44
 236:./Middlewares/LwIP/src/core/ipv4/ip4_addr.c ****       break;
 447              		.loc 1 236 7 is_stmt 1 view .LVU144
 236:./Middlewares/LwIP/src/core/ipv4/ip4_addr.c ****       break;
 448              		.loc 1 236 43 is_stmt 0 view .LVU145
 449 00dc 1B04     		lsls	r3, r3, #16
 236:./Middlewares/LwIP/src/core/ipv4/ip4_addr.c ****       break;
 450              		.loc 1 236 31 view .LVU146
 451 00de 43EA0263 		orr	r3, r3, r2, lsl #24
 236:./Middlewares/LwIP/src/core/ipv4/ip4_addr.c ****       break;
 452              		.loc 1 236 11 view .LVU147
 453 00e2 1D43     		orrs	r5, r5, r3
 454              	.LVL47:
 237:./Middlewares/LwIP/src/core/ipv4/ip4_addr.c **** 
 455              		.loc 1 237 7 is_stmt 1 view .LVU148
 456 00e4 E9E7     		b	.L33
 457              	.L29:
 240:./Middlewares/LwIP/src/core/ipv4/ip4_addr.c ****         return 0;
 458              		.loc 1 240 7 view .LVU149
 240:./Middlewares/LwIP/src/core/ipv4/ip4_addr.c ****         return 0;
 459              		.loc 1 240 10 is_stmt 0 view .LVU150
 460 00e6 FF2D     		cmp	r5, #255
 461 00e8 27D8     		bhi	.L45
 243:./Middlewares/LwIP/src/core/ipv4/ip4_addr.c ****         return 0;
 462              		.loc 1 243 7 is_stmt 1 view .LVU151
 243:./Middlewares/LwIP/src/core/ipv4/ip4_addr.c ****         return 0;
 463              		.loc 1 243 17 is_stmt 0 view .LVU152
 464 00ea 0099     		ldr	r1, [sp]
 465              	.LVL48:
 243:./Middlewares/LwIP/src/core/ipv4/ip4_addr.c ****         return 0;
 466              		.loc 1 243 10 view .LVU153
 467 00ec FF29     		cmp	r1, #255
 468 00ee 26D8     		bhi	.L46
 243:./Middlewares/LwIP/src/core/ipv4/ip4_addr.c ****         return 0;
 469              		.loc 1 243 38 discriminator 1 view .LVU154
 470 00f0 019B     		ldr	r3, [sp, #4]
 243:./Middlewares/LwIP/src/core/ipv4/ip4_addr.c ****         return 0;
 471              		.loc 1 243 29 discriminator 1 view .LVU155
 472 00f2 FF2B     		cmp	r3, #255
 473 00f4 25D8     		bhi	.L47
 243:./Middlewares/LwIP/src/core/ipv4/ip4_addr.c ****         return 0;
 474              		.loc 1 243 59 discriminator 2 view .LVU156
 475 00f6 029A     		ldr	r2, [sp, #8]
 243:./Middlewares/LwIP/src/core/ipv4/ip4_addr.c ****         return 0;
 476              		.loc 1 243 50 discriminator 2 view .LVU157
 477 00f8 FF2A     		cmp	r2, #255
 478 00fa 24D8     		bhi	.L48
 246:./Middlewares/LwIP/src/core/ipv4/ip4_addr.c ****       break;
 479              		.loc 1 246 7 is_stmt 1 view .LVU158
 246:./Middlewares/LwIP/src/core/ipv4/ip4_addr.c ****       break;
 480              		.loc 1 246 43 is_stmt 0 view .LVU159
 481 00fc 1B04     		lsls	r3, r3, #16
 246:./Middlewares/LwIP/src/core/ipv4/ip4_addr.c ****       break;
 482              		.loc 1 246 31 view .LVU160
ARM GAS  /var/folders/yz/w8msd8211qzc60m57tpkzbn80000gn/T//cc1fi19i.s 			page 15


 483 00fe 43EA0163 		orr	r3, r3, r1, lsl #24
 246:./Middlewares/LwIP/src/core/ipv4/ip4_addr.c ****       break;
 484              		.loc 1 246 50 view .LVU161
 485 0102 43EA0223 		orr	r3, r3, r2, lsl #8
 246:./Middlewares/LwIP/src/core/ipv4/ip4_addr.c ****       break;
 486              		.loc 1 246 11 view .LVU162
 487 0106 1D43     		orrs	r5, r5, r3
 488              	.LVL49:
 247:./Middlewares/LwIP/src/core/ipv4/ip4_addr.c ****     default:
 489              		.loc 1 247 7 is_stmt 1 view .LVU163
 490 0108 D7E7     		b	.L33
 491              	.LVL50:
 492              	.L28:
 249:./Middlewares/LwIP/src/core/ipv4/ip4_addr.c ****       break;
 493              		.loc 1 249 7 discriminator 1 view .LVU164
 249:./Middlewares/LwIP/src/core/ipv4/ip4_addr.c ****       break;
 494              		.loc 1 249 7 discriminator 1 view .LVU165
 249:./Middlewares/LwIP/src/core/ipv4/ip4_addr.c ****       break;
 495              		.loc 1 249 7 discriminator 1 view .LVU166
 249:./Middlewares/LwIP/src/core/ipv4/ip4_addr.c ****       break;
 496              		.loc 1 249 7 discriminator 1 view .LVU167
 497 010a 124B     		ldr	r3, .L54+4
 498 010c F922     		movs	r2, #249
 499 010e 1249     		ldr	r1, .L54+8
 500              	.LVL51:
 249:./Middlewares/LwIP/src/core/ipv4/ip4_addr.c ****       break;
 501              		.loc 1 249 7 is_stmt 0 discriminator 1 view .LVU168
 502 0110 1248     		ldr	r0, .L54+12
 503 0112 FFF7FEFF 		bl	printf
 504              	.LVL52:
 249:./Middlewares/LwIP/src/core/ipv4/ip4_addr.c ****       break;
 505              		.loc 1 249 7 is_stmt 1 discriminator 1 view .LVU169
 249:./Middlewares/LwIP/src/core/ipv4/ip4_addr.c ****       break;
 506              		.loc 1 249 7 discriminator 1 view .LVU170
 250:./Middlewares/LwIP/src/core/ipv4/ip4_addr.c ****   }
 507              		.loc 1 250 7 discriminator 1 view .LVU171
 508 0116 D0E7     		b	.L33
 509              	.LVL53:
 510              	.L34:
 161:./Middlewares/LwIP/src/core/ipv4/ip4_addr.c ****     }
 511              		.loc 1 161 14 is_stmt 0 view .LVU172
 512 0118 0020     		movs	r0, #0
 513              	.LVL54:
 161:./Middlewares/LwIP/src/core/ipv4/ip4_addr.c ****     }
 514              		.loc 1 161 14 view .LVU173
 515 011a 00E0     		b	.L17
 516              	.LVL55:
 517              	.L38:
 193:./Middlewares/LwIP/src/core/ipv4/ip4_addr.c ****       }
 518              		.loc 1 193 16 view .LVU174
 519 011c 0020     		movs	r0, #0
 520              	.LVL56:
 521              	.L17:
 256:./Middlewares/LwIP/src/core/ipv4/ip4_addr.c **** }
 522              		.loc 1 256 1 view .LVU175
 523 011e 05B0     		add	sp, sp, #20
 524              	.LCFI3:
ARM GAS  /var/folders/yz/w8msd8211qzc60m57tpkzbn80000gn/T//cc1fi19i.s 			page 16


 525              		.cfi_remember_state
 526              		.cfi_def_cfa_offset 20
 527              		@ sp needed
 528 0120 F0BD     		pop	{r4, r5, r6, r7, pc}
 529              	.LVL57:
 530              	.L39:
 531              	.LCFI4:
 532              		.cfi_restore_state
 205:./Middlewares/LwIP/src/core/ipv4/ip4_addr.c ****   }
 533              		.loc 1 205 12 view .LVU176
 534 0122 0020     		movs	r0, #0
 535              	.LVL58:
 205:./Middlewares/LwIP/src/core/ipv4/ip4_addr.c ****   }
 536              		.loc 1 205 12 view .LVU177
 537 0124 FBE7     		b	.L17
 538              	.LVL59:
 539              	.L40:
 221:./Middlewares/LwIP/src/core/ipv4/ip4_addr.c ****       }
 540              		.loc 1 221 16 view .LVU178
 541 0126 0020     		movs	r0, #0
 542 0128 F9E7     		b	.L17
 543              	.L41:
 224:./Middlewares/LwIP/src/core/ipv4/ip4_addr.c ****       }
 544              		.loc 1 224 16 view .LVU179
 545 012a 0020     		movs	r0, #0
 546 012c F7E7     		b	.L17
 547              	.L42:
 231:./Middlewares/LwIP/src/core/ipv4/ip4_addr.c ****       }
 548              		.loc 1 231 16 view .LVU180
 549 012e 0020     		movs	r0, #0
 550 0130 F5E7     		b	.L17
 551              	.L43:
 234:./Middlewares/LwIP/src/core/ipv4/ip4_addr.c ****       }
 552              		.loc 1 234 16 view .LVU181
 553 0132 0020     		movs	r0, #0
 554 0134 F3E7     		b	.L17
 555              	.L44:
 556 0136 0020     		movs	r0, #0
 557 0138 F1E7     		b	.L17
 558              	.L45:
 241:./Middlewares/LwIP/src/core/ipv4/ip4_addr.c ****       }
 559              		.loc 1 241 16 view .LVU182
 560 013a 0020     		movs	r0, #0
 561 013c EFE7     		b	.L17
 562              	.LVL60:
 563              	.L46:
 244:./Middlewares/LwIP/src/core/ipv4/ip4_addr.c ****       }
 564              		.loc 1 244 16 view .LVU183
 565 013e 0020     		movs	r0, #0
 566 0140 EDE7     		b	.L17
 567              	.L47:
 568 0142 0020     		movs	r0, #0
 569 0144 EBE7     		b	.L17
 570              	.L48:
 571 0146 0020     		movs	r0, #0
 572 0148 E9E7     		b	.L17
 573              	.L49:
ARM GAS  /var/folders/yz/w8msd8211qzc60m57tpkzbn80000gn/T//cc1fi19i.s 			page 17


 255:./Middlewares/LwIP/src/core/ipv4/ip4_addr.c **** }
 574              		.loc 1 255 10 view .LVU184
 575 014a 0120     		movs	r0, #1
 576 014c E7E7     		b	.L17
 577              	.L55:
 578 014e 00BF     		.align	2
 579              	.L54:
 580 0150 01000000 		.word	_ctype_+1
 581 0154 00000000 		.word	.LC0
 582 0158 2C000000 		.word	.LC1
 583 015c 38000000 		.word	.LC2
 584              		.cfi_endproc
 585              	.LFE28:
 587              		.section	.text.ipaddr_addr,"ax",%progbits
 588              		.align	1
 589              		.global	ipaddr_addr
 590              		.syntax unified
 591              		.thumb
 592              		.thumb_func
 593              		.fpu fpv5-sp-d16
 595              	ipaddr_addr:
 596              	.LVL61:
 597              	.LFB27:
 124:./Middlewares/LwIP/src/core/ipv4/ip4_addr.c ****   ip4_addr_t val;
 598              		.loc 1 124 1 is_stmt 1 view -0
 599              		.cfi_startproc
 600              		@ args = 0, pretend = 0, frame = 8
 601              		@ frame_needed = 0, uses_anonymous_args = 0
 124:./Middlewares/LwIP/src/core/ipv4/ip4_addr.c ****   ip4_addr_t val;
 602              		.loc 1 124 1 is_stmt 0 view .LVU186
 603 0000 00B5     		push	{lr}
 604              	.LCFI5:
 605              		.cfi_def_cfa_offset 4
 606              		.cfi_offset 14, -4
 607 0002 83B0     		sub	sp, sp, #12
 608              	.LCFI6:
 609              		.cfi_def_cfa_offset 16
 125:./Middlewares/LwIP/src/core/ipv4/ip4_addr.c **** 
 610              		.loc 1 125 3 is_stmt 1 view .LVU187
 127:./Middlewares/LwIP/src/core/ipv4/ip4_addr.c ****     return ip4_addr_get_u32(&val);
 611              		.loc 1 127 3 view .LVU188
 127:./Middlewares/LwIP/src/core/ipv4/ip4_addr.c ****     return ip4_addr_get_u32(&val);
 612              		.loc 1 127 7 is_stmt 0 view .LVU189
 613 0004 01A9     		add	r1, sp, #4
 614 0006 FFF7FEFF 		bl	ip4addr_aton
 615              	.LVL62:
 127:./Middlewares/LwIP/src/core/ipv4/ip4_addr.c ****     return ip4_addr_get_u32(&val);
 616              		.loc 1 127 6 view .LVU190
 617 000a 20B9     		cbnz	r0, .L60
 130:./Middlewares/LwIP/src/core/ipv4/ip4_addr.c **** }
 618              		.loc 1 130 10 view .LVU191
 619 000c 4FF0FF30 		mov	r0, #-1
 620              	.L56:
 131:./Middlewares/LwIP/src/core/ipv4/ip4_addr.c **** 
 621              		.loc 1 131 1 view .LVU192
 622 0010 03B0     		add	sp, sp, #12
 623              	.LCFI7:
ARM GAS  /var/folders/yz/w8msd8211qzc60m57tpkzbn80000gn/T//cc1fi19i.s 			page 18


 624              		.cfi_remember_state
 625              		.cfi_def_cfa_offset 4
 626              		@ sp needed
 627 0012 5DF804FB 		ldr	pc, [sp], #4
 628              	.L60:
 629              	.LCFI8:
 630              		.cfi_restore_state
 128:./Middlewares/LwIP/src/core/ipv4/ip4_addr.c ****   }
 631              		.loc 1 128 5 is_stmt 1 view .LVU193
 128:./Middlewares/LwIP/src/core/ipv4/ip4_addr.c ****   }
 632              		.loc 1 128 12 is_stmt 0 view .LVU194
 633 0016 0198     		ldr	r0, [sp, #4]
 634 0018 FAE7     		b	.L56
 635              		.cfi_endproc
 636              	.LFE27:
 638              		.section	.text.ip4addr_ntoa_r,"ax",%progbits
 639              		.align	1
 640              		.global	ip4addr_ntoa_r
 641              		.syntax unified
 642              		.thumb
 643              		.thumb_func
 644              		.fpu fpv5-sp-d16
 646              	ip4addr_ntoa_r:
 647              	.LVL63:
 648              	.LFB30:
 257:./Middlewares/LwIP/src/core/ipv4/ip4_addr.c **** 
 258:./Middlewares/LwIP/src/core/ipv4/ip4_addr.c **** /**
 259:./Middlewares/LwIP/src/core/ipv4/ip4_addr.c ****  * Convert numeric IP address into decimal dotted ASCII representation.
 260:./Middlewares/LwIP/src/core/ipv4/ip4_addr.c ****  * returns ptr to static buffer; not reentrant!
 261:./Middlewares/LwIP/src/core/ipv4/ip4_addr.c ****  *
 262:./Middlewares/LwIP/src/core/ipv4/ip4_addr.c ****  * @param addr ip address in network order to convert
 263:./Middlewares/LwIP/src/core/ipv4/ip4_addr.c ****  * @return pointer to a global static (!) buffer that holds the ASCII
 264:./Middlewares/LwIP/src/core/ipv4/ip4_addr.c ****  *         representation of addr
 265:./Middlewares/LwIP/src/core/ipv4/ip4_addr.c ****  */
 266:./Middlewares/LwIP/src/core/ipv4/ip4_addr.c **** char *
 267:./Middlewares/LwIP/src/core/ipv4/ip4_addr.c **** ip4addr_ntoa(const ip4_addr_t *addr)
 268:./Middlewares/LwIP/src/core/ipv4/ip4_addr.c **** {
 269:./Middlewares/LwIP/src/core/ipv4/ip4_addr.c ****   static char str[IP4ADDR_STRLEN_MAX];
 270:./Middlewares/LwIP/src/core/ipv4/ip4_addr.c ****   return ip4addr_ntoa_r(addr, str, IP4ADDR_STRLEN_MAX);
 271:./Middlewares/LwIP/src/core/ipv4/ip4_addr.c **** }
 272:./Middlewares/LwIP/src/core/ipv4/ip4_addr.c **** 
 273:./Middlewares/LwIP/src/core/ipv4/ip4_addr.c **** /**
 274:./Middlewares/LwIP/src/core/ipv4/ip4_addr.c ****  * Same as ip4addr_ntoa, but reentrant since a user-supplied buffer is used.
 275:./Middlewares/LwIP/src/core/ipv4/ip4_addr.c ****  *
 276:./Middlewares/LwIP/src/core/ipv4/ip4_addr.c ****  * @param addr ip address in network order to convert
 277:./Middlewares/LwIP/src/core/ipv4/ip4_addr.c ****  * @param buf target buffer where the string is stored
 278:./Middlewares/LwIP/src/core/ipv4/ip4_addr.c ****  * @param buflen length of buf
 279:./Middlewares/LwIP/src/core/ipv4/ip4_addr.c ****  * @return either pointer to buf which now holds the ASCII
 280:./Middlewares/LwIP/src/core/ipv4/ip4_addr.c ****  *         representation of addr or NULL if buf was too small
 281:./Middlewares/LwIP/src/core/ipv4/ip4_addr.c ****  */
 282:./Middlewares/LwIP/src/core/ipv4/ip4_addr.c **** char *
 283:./Middlewares/LwIP/src/core/ipv4/ip4_addr.c **** ip4addr_ntoa_r(const ip4_addr_t *addr, char *buf, int buflen)
 284:./Middlewares/LwIP/src/core/ipv4/ip4_addr.c **** {
 649              		.loc 1 284 1 is_stmt 1 view -0
 650              		.cfi_startproc
 651              		@ args = 0, pretend = 0, frame = 8
 652              		@ frame_needed = 0, uses_anonymous_args = 0
ARM GAS  /var/folders/yz/w8msd8211qzc60m57tpkzbn80000gn/T//cc1fi19i.s 			page 19


 653              		.loc 1 284 1 is_stmt 0 view .LVU196
 654 0000 2DE9F041 		push	{r4, r5, r6, r7, r8, lr}
 655              	.LCFI9:
 656              		.cfi_def_cfa_offset 24
 657              		.cfi_offset 4, -24
 658              		.cfi_offset 5, -20
 659              		.cfi_offset 6, -16
 660              		.cfi_offset 7, -12
 661              		.cfi_offset 8, -8
 662              		.cfi_offset 14, -4
 663 0004 82B0     		sub	sp, sp, #8
 664              	.LCFI10:
 665              		.cfi_def_cfa_offset 32
 285:./Middlewares/LwIP/src/core/ipv4/ip4_addr.c ****   u32_t s_addr;
 666              		.loc 1 285 3 is_stmt 1 view .LVU197
 286:./Middlewares/LwIP/src/core/ipv4/ip4_addr.c ****   char inv[3];
 667              		.loc 1 286 3 view .LVU198
 287:./Middlewares/LwIP/src/core/ipv4/ip4_addr.c ****   char *rp;
 668              		.loc 1 287 3 view .LVU199
 288:./Middlewares/LwIP/src/core/ipv4/ip4_addr.c ****   u8_t *ap;
 669              		.loc 1 288 3 view .LVU200
 289:./Middlewares/LwIP/src/core/ipv4/ip4_addr.c ****   u8_t rem;
 670              		.loc 1 289 3 view .LVU201
 290:./Middlewares/LwIP/src/core/ipv4/ip4_addr.c ****   u8_t n;
 671              		.loc 1 290 3 view .LVU202
 291:./Middlewares/LwIP/src/core/ipv4/ip4_addr.c ****   u8_t i;
 672              		.loc 1 291 3 view .LVU203
 292:./Middlewares/LwIP/src/core/ipv4/ip4_addr.c ****   int len = 0;
 673              		.loc 1 292 3 view .LVU204
 674              	.LVL64:
 293:./Middlewares/LwIP/src/core/ipv4/ip4_addr.c **** 
 294:./Middlewares/LwIP/src/core/ipv4/ip4_addr.c ****   s_addr = ip4_addr_get_u32(addr);
 675              		.loc 1 294 3 view .LVU205
 676              		.loc 1 294 12 is_stmt 0 view .LVU206
 677 0006 0368     		ldr	r3, [r0]
 678              		.loc 1 294 10 view .LVU207
 679 0008 0193     		str	r3, [sp, #4]
 295:./Middlewares/LwIP/src/core/ipv4/ip4_addr.c **** 
 296:./Middlewares/LwIP/src/core/ipv4/ip4_addr.c ****   rp = buf;
 680              		.loc 1 296 3 is_stmt 1 view .LVU208
 681              	.LVL65:
 297:./Middlewares/LwIP/src/core/ipv4/ip4_addr.c ****   ap = (u8_t *)&s_addr;
 682              		.loc 1 297 3 view .LVU209
 298:./Middlewares/LwIP/src/core/ipv4/ip4_addr.c ****   for (n = 0; n < 4; n++) {
 683              		.loc 1 298 3 view .LVU210
 296:./Middlewares/LwIP/src/core/ipv4/ip4_addr.c ****   ap = (u8_t *)&s_addr;
 684              		.loc 1 296 6 is_stmt 0 view .LVU211
 685 000a 0E46     		mov	r6, r1
 292:./Middlewares/LwIP/src/core/ipv4/ip4_addr.c **** 
 686              		.loc 1 292 7 view .LVU212
 687 000c 0027     		movs	r7, #0
 688              		.loc 1 298 10 view .LVU213
 689 000e 3846     		mov	r0, r7
 690              	.LVL66:
 297:./Middlewares/LwIP/src/core/ipv4/ip4_addr.c ****   for (n = 0; n < 4; n++) {
 691              		.loc 1 297 6 view .LVU214
 692 0010 0DF1040C 		add	ip, sp, #4
ARM GAS  /var/folders/yz/w8msd8211qzc60m57tpkzbn80000gn/T//cc1fi19i.s 			page 20


 693              	.LVL67:
 694              	.L62:
 695              		.loc 1 298 15 is_stmt 1 discriminator 1 view .LVU215
 696              		.loc 1 298 3 is_stmt 0 discriminator 1 view .LVU216
 697 0014 0328     		cmp	r0, #3
 698 0016 34D8     		bhi	.L71
 299:./Middlewares/LwIP/src/core/ipv4/ip4_addr.c ****     i = 0;
 699              		.loc 1 299 7 view .LVU217
 700 0018 0025     		movs	r5, #0
 701              	.L63:
 702              	.LVL68:
 300:./Middlewares/LwIP/src/core/ipv4/ip4_addr.c ****     do {
 703              		.loc 1 300 5 is_stmt 1 discriminator 1 view .LVU218
 301:./Middlewares/LwIP/src/core/ipv4/ip4_addr.c ****       rem = *ap % (u8_t)10;
 704              		.loc 1 301 7 discriminator 1 view .LVU219
 705              		.loc 1 301 13 is_stmt 0 discriminator 1 view .LVU220
 706 001a 9CF80040 		ldrb	r4, [ip]	@ zero_extendqisi2
 707              		.loc 1 301 11 discriminator 1 view .LVU221
 708 001e 1E4B     		ldr	r3, .L73
 709 0020 A3FB04E3 		umull	lr, r3, r3, r4
 710 0024 DB08     		lsrs	r3, r3, #3
 711 0026 03EB830E 		add	lr, r3, r3, lsl #2
 712 002a A4EB4E04 		sub	r4, r4, lr, lsl #1
 713 002e E4B2     		uxtb	r4, r4
 714              	.LVL69:
 302:./Middlewares/LwIP/src/core/ipv4/ip4_addr.c ****       *ap /= (u8_t)10;
 715              		.loc 1 302 7 is_stmt 1 discriminator 1 view .LVU222
 716              		.loc 1 302 11 is_stmt 0 discriminator 1 view .LVU223
 717 0030 DBB2     		uxtb	r3, r3
 718 0032 8CF80030 		strb	r3, [ip]
 303:./Middlewares/LwIP/src/core/ipv4/ip4_addr.c ****       inv[i++] = (char)('0' + rem);
 719              		.loc 1 303 7 is_stmt 1 discriminator 1 view .LVU224
 720 0036 AE46     		mov	lr, r5
 721              		.loc 1 303 12 is_stmt 0 discriminator 1 view .LVU225
 722 0038 0135     		adds	r5, r5, #1
 723              	.LVL70:
 724              		.loc 1 303 12 discriminator 1 view .LVU226
 725 003a EDB2     		uxtb	r5, r5
 726              	.LVL71:
 727              		.loc 1 303 18 discriminator 1 view .LVU227
 728 003c 3034     		adds	r4, r4, #48
 729              	.LVL72:
 730              		.loc 1 303 16 discriminator 1 view .LVU228
 731 003e 0DF10808 		add	r8, sp, #8
 732 0042 C644     		add	lr, lr, r8
 733 0044 0EF8084C 		strb	r4, [lr, #-8]
 304:./Middlewares/LwIP/src/core/ipv4/ip4_addr.c ****     } while (*ap);
 734              		.loc 1 304 13 is_stmt 1 discriminator 1 view .LVU229
 735              		.loc 1 304 5 is_stmt 0 discriminator 1 view .LVU230
 736 0048 002B     		cmp	r3, #0
 737 004a E6D1     		bne	.L63
 738              	.LVL73:
 739              	.L64:
 305:./Middlewares/LwIP/src/core/ipv4/ip4_addr.c ****     while (i--) {
 740              		.loc 1 305 11 is_stmt 1 view .LVU231
 741              		.loc 1 305 13 is_stmt 0 view .LVU232
 742 004c 6B1E     		subs	r3, r5, #1
ARM GAS  /var/folders/yz/w8msd8211qzc60m57tpkzbn80000gn/T//cc1fi19i.s 			page 21


 743 004e DBB2     		uxtb	r3, r3
 744              	.LVL74:
 745              		.loc 1 305 11 view .LVU233
 746 0050 5DB1     		cbz	r5, .L72
 306:./Middlewares/LwIP/src/core/ipv4/ip4_addr.c ****       if (len++ >= buflen) {
 747              		.loc 1 306 7 is_stmt 1 view .LVU234
 748              		.loc 1 306 14 is_stmt 0 view .LVU235
 749 0052 7C1C     		adds	r4, r7, #1
 750              	.LVL75:
 751              		.loc 1 306 10 view .LVU236
 752 0054 9742     		cmp	r7, r2
 753 0056 19DA     		bge	.L67
 307:./Middlewares/LwIP/src/core/ipv4/ip4_addr.c ****         return NULL;
 308:./Middlewares/LwIP/src/core/ipv4/ip4_addr.c ****       }
 309:./Middlewares/LwIP/src/core/ipv4/ip4_addr.c ****       *rp++ = inv[i];
 754              		.loc 1 309 7 is_stmt 1 view .LVU237
 755              	.LVL76:
 756              		.loc 1 309 18 is_stmt 0 view .LVU238
 757 0058 02AD     		add	r5, sp, #8
 758 005a 1D44     		add	r5, r5, r3
 759 005c 15F8085C 		ldrb	r5, [r5, #-8]	@ zero_extendqisi2
 760              		.loc 1 309 13 view .LVU239
 761 0060 06F8015B 		strb	r5, [r6], #1
 762              	.LVL77:
 306:./Middlewares/LwIP/src/core/ipv4/ip4_addr.c ****       if (len++ >= buflen) {
 763              		.loc 1 306 14 view .LVU240
 764 0064 2746     		mov	r7, r4
 305:./Middlewares/LwIP/src/core/ipv4/ip4_addr.c ****       if (len++ >= buflen) {
 765              		.loc 1 305 13 view .LVU241
 766 0066 1D46     		mov	r5, r3
 767 0068 F0E7     		b	.L64
 768              	.LVL78:
 769              	.L72:
 310:./Middlewares/LwIP/src/core/ipv4/ip4_addr.c ****     }
 311:./Middlewares/LwIP/src/core/ipv4/ip4_addr.c ****     if (len++ >= buflen) {
 770              		.loc 1 311 5 is_stmt 1 view .LVU242
 771              		.loc 1 311 12 is_stmt 0 view .LVU243
 772 006a 7B1C     		adds	r3, r7, #1
 773              	.LVL79:
 774              		.loc 1 311 8 view .LVU244
 775 006c 9742     		cmp	r7, r2
 776 006e 11DA     		bge	.L68
 312:./Middlewares/LwIP/src/core/ipv4/ip4_addr.c ****       return NULL;
 313:./Middlewares/LwIP/src/core/ipv4/ip4_addr.c ****     }
 314:./Middlewares/LwIP/src/core/ipv4/ip4_addr.c ****     *rp++ = '.';
 777              		.loc 1 314 5 is_stmt 1 discriminator 2 view .LVU245
 778              	.LVL80:
 779              		.loc 1 314 11 is_stmt 0 discriminator 2 view .LVU246
 780 0070 2E24     		movs	r4, #46
 781 0072 06F8014B 		strb	r4, [r6], #1
 782              	.LVL81:
 315:./Middlewares/LwIP/src/core/ipv4/ip4_addr.c ****     ap++;
 783              		.loc 1 315 5 is_stmt 1 discriminator 2 view .LVU247
 784              		.loc 1 315 7 is_stmt 0 discriminator 2 view .LVU248
 785 0076 0CF1010C 		add	ip, ip, #1
 786              	.LVL82:
 298:./Middlewares/LwIP/src/core/ipv4/ip4_addr.c ****     i = 0;
ARM GAS  /var/folders/yz/w8msd8211qzc60m57tpkzbn80000gn/T//cc1fi19i.s 			page 22


 787              		.loc 1 298 22 is_stmt 1 discriminator 2 view .LVU249
 298:./Middlewares/LwIP/src/core/ipv4/ip4_addr.c ****     i = 0;
 788              		.loc 1 298 23 is_stmt 0 discriminator 2 view .LVU250
 789 007a 0130     		adds	r0, r0, #1
 790              	.LVL83:
 298:./Middlewares/LwIP/src/core/ipv4/ip4_addr.c ****     i = 0;
 791              		.loc 1 298 23 discriminator 2 view .LVU251
 792 007c C0B2     		uxtb	r0, r0
 793              	.LVL84:
 311:./Middlewares/LwIP/src/core/ipv4/ip4_addr.c ****       return NULL;
 794              		.loc 1 311 12 discriminator 2 view .LVU252
 795 007e 1F46     		mov	r7, r3
 796 0080 C8E7     		b	.L62
 797              	.LVL85:
 798              	.L71:
 316:./Middlewares/LwIP/src/core/ipv4/ip4_addr.c ****   }
 317:./Middlewares/LwIP/src/core/ipv4/ip4_addr.c ****   *--rp = 0;
 799              		.loc 1 317 3 is_stmt 1 view .LVU253
 800              		.loc 1 317 9 is_stmt 0 view .LVU254
 801 0082 0023     		movs	r3, #0
 802 0084 06F8013C 		strb	r3, [r6, #-1]
 318:./Middlewares/LwIP/src/core/ipv4/ip4_addr.c ****   return buf;
 803              		.loc 1 318 3 is_stmt 1 view .LVU255
 804              		.loc 1 318 10 is_stmt 0 view .LVU256
 805 0088 0846     		mov	r0, r1
 806              	.LVL86:
 807              		.loc 1 318 10 view .LVU257
 808 008a 00E0     		b	.L61
 809              	.LVL87:
 810              	.L67:
 307:./Middlewares/LwIP/src/core/ipv4/ip4_addr.c ****       }
 811              		.loc 1 307 16 view .LVU258
 812 008c 0020     		movs	r0, #0
 813              	.LVL88:
 814              	.L61:
 319:./Middlewares/LwIP/src/core/ipv4/ip4_addr.c **** }
 815              		.loc 1 319 1 view .LVU259
 816 008e 02B0     		add	sp, sp, #8
 817              	.LCFI11:
 818              		.cfi_remember_state
 819              		.cfi_def_cfa_offset 24
 820              		@ sp needed
 821 0090 BDE8F081 		pop	{r4, r5, r6, r7, r8, pc}
 822              	.LVL89:
 823              	.L68:
 824              	.LCFI12:
 825              		.cfi_restore_state
 312:./Middlewares/LwIP/src/core/ipv4/ip4_addr.c ****     }
 826              		.loc 1 312 14 view .LVU260
 827 0094 0020     		movs	r0, #0
 828              	.LVL90:
 312:./Middlewares/LwIP/src/core/ipv4/ip4_addr.c ****     }
 829              		.loc 1 312 14 view .LVU261
 830 0096 FAE7     		b	.L61
 831              	.L74:
 832              		.align	2
 833              	.L73:
ARM GAS  /var/folders/yz/w8msd8211qzc60m57tpkzbn80000gn/T//cc1fi19i.s 			page 23


 834 0098 CDCCCCCC 		.word	-858993459
 835              		.cfi_endproc
 836              	.LFE30:
 838              		.section	.text.ip4addr_ntoa,"ax",%progbits
 839              		.align	1
 840              		.global	ip4addr_ntoa
 841              		.syntax unified
 842              		.thumb
 843              		.thumb_func
 844              		.fpu fpv5-sp-d16
 846              	ip4addr_ntoa:
 847              	.LVL91:
 848              	.LFB29:
 268:./Middlewares/LwIP/src/core/ipv4/ip4_addr.c ****   static char str[IP4ADDR_STRLEN_MAX];
 849              		.loc 1 268 1 is_stmt 1 view -0
 850              		.cfi_startproc
 851              		@ args = 0, pretend = 0, frame = 0
 852              		@ frame_needed = 0, uses_anonymous_args = 0
 268:./Middlewares/LwIP/src/core/ipv4/ip4_addr.c ****   static char str[IP4ADDR_STRLEN_MAX];
 853              		.loc 1 268 1 is_stmt 0 view .LVU263
 854 0000 08B5     		push	{r3, lr}
 855              	.LCFI13:
 856              		.cfi_def_cfa_offset 8
 857              		.cfi_offset 3, -8
 858              		.cfi_offset 14, -4
 269:./Middlewares/LwIP/src/core/ipv4/ip4_addr.c ****   return ip4addr_ntoa_r(addr, str, IP4ADDR_STRLEN_MAX);
 859              		.loc 1 269 3 is_stmt 1 view .LVU264
 270:./Middlewares/LwIP/src/core/ipv4/ip4_addr.c **** }
 860              		.loc 1 270 3 view .LVU265
 270:./Middlewares/LwIP/src/core/ipv4/ip4_addr.c **** }
 861              		.loc 1 270 10 is_stmt 0 view .LVU266
 862 0002 1022     		movs	r2, #16
 863 0004 0149     		ldr	r1, .L77
 864 0006 FFF7FEFF 		bl	ip4addr_ntoa_r
 865              	.LVL92:
 271:./Middlewares/LwIP/src/core/ipv4/ip4_addr.c **** 
 866              		.loc 1 271 1 view .LVU267
 867 000a 08BD     		pop	{r3, pc}
 868              	.L78:
 869              		.align	2
 870              	.L77:
 871 000c 00000000 		.word	.LANCHOR0
 872              		.cfi_endproc
 873              	.LFE29:
 875              		.global	ip_addr_broadcast
 876              		.global	ip_addr_any
 877              		.section	.bss.str.7762,"aw",%nobits
 878              		.align	2
 879              		.set	.LANCHOR0,. + 0
 882              	str.7762:
 883 0000 00000000 		.space	16
 883      00000000 
 883      00000000 
 883      00000000 
 884              		.section	.rodata.ip_addr_any,"a"
 885              		.align	2
 888              	ip_addr_any:
ARM GAS  /var/folders/yz/w8msd8211qzc60m57tpkzbn80000gn/T//cc1fi19i.s 			page 24


 889 0000 00000000 		.space	4
 890              		.section	.rodata.ip_addr_broadcast,"a"
 891              		.align	2
 894              	ip_addr_broadcast:
 895 0000 FFFFFFFF 		.word	-1
 896              		.text
 897              	.Letext0:
 898              		.file 2 "/usr/local/Cellar/arm-none-eabi-gcc/9-2019-q4-major/gcc/arm-none-eabi/include/machine/_de
 899              		.file 3 "/usr/local/Cellar/arm-none-eabi-gcc/9-2019-q4-major/gcc/arm-none-eabi/include/sys/lock.h"
 900              		.file 4 "/usr/local/Cellar/arm-none-eabi-gcc/9-2019-q4-major/gcc/arm-none-eabi/include/sys/_types.
 901              		.file 5 "/usr/local/Cellar/arm-none-eabi-gcc/9-2019-q4-major/gcc/lib/gcc/arm-none-eabi/9.2.1/inclu
 902              		.file 6 "/usr/local/Cellar/arm-none-eabi-gcc/9-2019-q4-major/gcc/arm-none-eabi/include/sys/reent.h
 903              		.file 7 "/usr/local/Cellar/arm-none-eabi-gcc/9-2019-q4-major/gcc/arm-none-eabi/include/stdlib.h"
 904              		.file 8 "/usr/local/Cellar/arm-none-eabi-gcc/9-2019-q4-major/gcc/arm-none-eabi/include/sys/_stdint
 905              		.file 9 "/usr/local/Cellar/arm-none-eabi-gcc/9-2019-q4-major/gcc/arm-none-eabi/include/time.h"
 906              		.file 10 "Middlewares/LwIP/src/include/lwip/arch.h"
 907              		.file 11 "/usr/local/Cellar/arm-none-eabi-gcc/9-2019-q4-major/gcc/arm-none-eabi/include/ctype.h"
 908              		.file 12 "Middlewares/LwIP/src/include/lwip/ip4_addr.h"
 909              		.file 13 "Middlewares/LwIP/src/include/lwip/ip_addr.h"
 910              		.file 14 "Middlewares/LwIP/src/include/lwip/err.h"
 911              		.file 15 "Middlewares/LwIP/src/include/lwip/pbuf.h"
 912              		.file 16 "Middlewares/LwIP/src/include/lwip/priv/memp_priv.h"
 913              		.file 17 "Middlewares/LwIP/src/include/lwip/memp.h"
 914              		.file 18 "Middlewares/LwIP/src/include/lwip/netif.h"
 915              		.file 19 "Middlewares/LwIP/src/include/lwip/def.h"
 916              		.file 20 "/usr/local/Cellar/arm-none-eabi-gcc/9-2019-q4-major/gcc/arm-none-eabi/include/stdio.h"
ARM GAS  /var/folders/yz/w8msd8211qzc60m57tpkzbn80000gn/T//cc1fi19i.s 			page 25


DEFINED SYMBOLS
                            *ABS*:0000000000000000 ip4_addr.c
/var/folders/yz/w8msd8211qzc60m57tpkzbn80000gn/T//cc1fi19i.s:18     .text.ip4_addr_isbroadcast_u32:0000000000000000 $t
/var/folders/yz/w8msd8211qzc60m57tpkzbn80000gn/T//cc1fi19i.s:26     .text.ip4_addr_isbroadcast_u32:0000000000000000 ip4_addr_isbroadcast_u32
/var/folders/yz/w8msd8211qzc60m57tpkzbn80000gn/T//cc1fi19i.s:102    .text.ip4_addr_netmask_valid:0000000000000000 $t
/var/folders/yz/w8msd8211qzc60m57tpkzbn80000gn/T//cc1fi19i.s:109    .text.ip4_addr_netmask_valid:0000000000000000 ip4_addr_netmask_valid
/var/folders/yz/w8msd8211qzc60m57tpkzbn80000gn/T//cc1fi19i.s:177    .rodata.ip4addr_aton.str1.4:0000000000000000 $d
/var/folders/yz/w8msd8211qzc60m57tpkzbn80000gn/T//cc1fi19i.s:187    .text.ip4addr_aton:0000000000000000 $t
/var/folders/yz/w8msd8211qzc60m57tpkzbn80000gn/T//cc1fi19i.s:194    .text.ip4addr_aton:0000000000000000 ip4addr_aton
/var/folders/yz/w8msd8211qzc60m57tpkzbn80000gn/T//cc1fi19i.s:395    .text.ip4addr_aton:00000000000000a4 $d
/var/folders/yz/w8msd8211qzc60m57tpkzbn80000gn/T//cc1fi19i.s:580    .text.ip4addr_aton:0000000000000150 $d
/var/folders/yz/w8msd8211qzc60m57tpkzbn80000gn/T//cc1fi19i.s:588    .text.ipaddr_addr:0000000000000000 $t
/var/folders/yz/w8msd8211qzc60m57tpkzbn80000gn/T//cc1fi19i.s:595    .text.ipaddr_addr:0000000000000000 ipaddr_addr
/var/folders/yz/w8msd8211qzc60m57tpkzbn80000gn/T//cc1fi19i.s:639    .text.ip4addr_ntoa_r:0000000000000000 $t
/var/folders/yz/w8msd8211qzc60m57tpkzbn80000gn/T//cc1fi19i.s:646    .text.ip4addr_ntoa_r:0000000000000000 ip4addr_ntoa_r
/var/folders/yz/w8msd8211qzc60m57tpkzbn80000gn/T//cc1fi19i.s:834    .text.ip4addr_ntoa_r:0000000000000098 $d
/var/folders/yz/w8msd8211qzc60m57tpkzbn80000gn/T//cc1fi19i.s:839    .text.ip4addr_ntoa:0000000000000000 $t
/var/folders/yz/w8msd8211qzc60m57tpkzbn80000gn/T//cc1fi19i.s:846    .text.ip4addr_ntoa:0000000000000000 ip4addr_ntoa
/var/folders/yz/w8msd8211qzc60m57tpkzbn80000gn/T//cc1fi19i.s:871    .text.ip4addr_ntoa:000000000000000c $d
/var/folders/yz/w8msd8211qzc60m57tpkzbn80000gn/T//cc1fi19i.s:894    .rodata.ip_addr_broadcast:0000000000000000 ip_addr_broadcast
/var/folders/yz/w8msd8211qzc60m57tpkzbn80000gn/T//cc1fi19i.s:888    .rodata.ip_addr_any:0000000000000000 ip_addr_any
/var/folders/yz/w8msd8211qzc60m57tpkzbn80000gn/T//cc1fi19i.s:878    .bss.str.7762:0000000000000000 $d
/var/folders/yz/w8msd8211qzc60m57tpkzbn80000gn/T//cc1fi19i.s:882    .bss.str.7762:0000000000000000 str.7762
/var/folders/yz/w8msd8211qzc60m57tpkzbn80000gn/T//cc1fi19i.s:885    .rodata.ip_addr_any:0000000000000000 $d
/var/folders/yz/w8msd8211qzc60m57tpkzbn80000gn/T//cc1fi19i.s:891    .rodata.ip_addr_broadcast:0000000000000000 $d
/var/folders/yz/w8msd8211qzc60m57tpkzbn80000gn/T//cc1fi19i.s:400    .text.ip4addr_aton:00000000000000a9 $d
/var/folders/yz/w8msd8211qzc60m57tpkzbn80000gn/T//cc1fi19i.s:400    .text.ip4addr_aton:00000000000000aa $t

UNDEFINED SYMBOLS
lwip_htonl
printf
_ctype_
