ARM GAS  /var/folders/yz/w8msd8211qzc60m57tpkzbn80000gn/T//ccTj6rA8.s 			page 1


   1              		.cpu cortex-m7
   2              		.eabi_attribute 27, 1
   3              		.eabi_attribute 28, 1
   4              		.eabi_attribute 20, 1
   5              		.eabi_attribute 21, 1
   6              		.eabi_attribute 23, 3
   7              		.eabi_attribute 24, 1
   8              		.eabi_attribute 25, 1
   9              		.eabi_attribute 26, 1
  10              		.eabi_attribute 30, 1
  11              		.eabi_attribute 34, 1
  12              		.eabi_attribute 18, 4
  13              		.file	"stm32f7xx_it.c"
  14              		.text
  15              	.Ltext0:
  16              		.cfi_sections	.debug_frame
  17              		.section	.text.NMI_Handler,"ax",%progbits
  18              		.align	1
  19              		.global	NMI_Handler
  20              		.arch armv7e-m
  21              		.syntax unified
  22              		.thumb
  23              		.thumb_func
  24              		.fpu fpv5-sp-d16
  26              	NMI_Handler:
  27              	.LFB146:
  28              		.file 1 "Src/stm32f7xx_it.c"
   1:Src/stm32f7xx_it.c **** /**
   2:Src/stm32f7xx_it.c ****   ******************************************************************************
   3:Src/stm32f7xx_it.c ****   * @file    LwIP/LwIP_HTTP_Server_Netconn_RTOS/Src/stm32f7xx_it.c 
   4:Src/stm32f7xx_it.c ****   * @author  MCD Application Team
   5:Src/stm32f7xx_it.c ****   * @brief   Main Interrupt Service Routines.
   6:Src/stm32f7xx_it.c ****   *          This file provides template for all exceptions handler and 
   7:Src/stm32f7xx_it.c ****   *          peripherals interrupt service routine.
   8:Src/stm32f7xx_it.c ****   ******************************************************************************
   9:Src/stm32f7xx_it.c ****   * @attention
  10:Src/stm32f7xx_it.c ****   *
  11:Src/stm32f7xx_it.c ****   * <h2><center>&copy; Copyright (c) 2016 STMicroelectronics.
  12:Src/stm32f7xx_it.c ****   * All rights reserved.</center></h2>
  13:Src/stm32f7xx_it.c ****   *
  14:Src/stm32f7xx_it.c ****   * This software component is licensed by ST under BSD 3-Clause license,
  15:Src/stm32f7xx_it.c ****   * the "License"; You may not use this file except in compliance with the
  16:Src/stm32f7xx_it.c ****   * License. You may obtain a copy of the License at:
  17:Src/stm32f7xx_it.c ****   *                        opensource.org/licenses/BSD-3-Clause
  18:Src/stm32f7xx_it.c ****   *
  19:Src/stm32f7xx_it.c ****   ******************************************************************************
  20:Src/stm32f7xx_it.c ****   */
  21:Src/stm32f7xx_it.c **** 
  22:Src/stm32f7xx_it.c **** /* Includes ------------------------------------------------------------------*/
  23:Src/stm32f7xx_it.c **** #include "stm32f7xx_it.h"
  24:Src/stm32f7xx_it.c **** #include "main.h"
  25:Src/stm32f7xx_it.c **** #include "cmsis_os.h"
  26:Src/stm32f7xx_it.c **** 
  27:Src/stm32f7xx_it.c **** /* Private typedef -----------------------------------------------------------*/
  28:Src/stm32f7xx_it.c **** /* Private define ------------------------------------------------------------*/
  29:Src/stm32f7xx_it.c **** /* Private macro -------------------------------------------------------------*/
  30:Src/stm32f7xx_it.c **** /* Private variables ---------------------------------------------------------*/
ARM GAS  /var/folders/yz/w8msd8211qzc60m57tpkzbn80000gn/T//ccTj6rA8.s 			page 2


  31:Src/stm32f7xx_it.c **** extern ETH_HandleTypeDef EthHandle;
  32:Src/stm32f7xx_it.c **** /* Private function prototypes -----------------------------------------------*/
  33:Src/stm32f7xx_it.c **** /* Private functions ---------------------------------------------------------*/
  34:Src/stm32f7xx_it.c **** 
  35:Src/stm32f7xx_it.c **** /******************************************************************************/
  36:Src/stm32f7xx_it.c **** /*            Cortex-M7 Processor Exceptions Handlers                         */
  37:Src/stm32f7xx_it.c **** /******************************************************************************/
  38:Src/stm32f7xx_it.c **** 
  39:Src/stm32f7xx_it.c **** /**
  40:Src/stm32f7xx_it.c ****   * @brief  This function handles NMI exception.
  41:Src/stm32f7xx_it.c ****   * @param  None
  42:Src/stm32f7xx_it.c ****   * @retval None
  43:Src/stm32f7xx_it.c ****   */
  44:Src/stm32f7xx_it.c **** void NMI_Handler(void)
  45:Src/stm32f7xx_it.c **** {
  29              		.loc 1 45 1 view -0
  30              		.cfi_startproc
  31              		@ args = 0, pretend = 0, frame = 0
  32              		@ frame_needed = 0, uses_anonymous_args = 0
  33              		@ link register save eliminated.
  46:Src/stm32f7xx_it.c **** }
  34              		.loc 1 46 1 view .LVU1
  35 0000 7047     		bx	lr
  36              		.cfi_endproc
  37              	.LFE146:
  39              		.section	.text.HardFault_Handler,"ax",%progbits
  40              		.align	1
  41              		.global	HardFault_Handler
  42              		.syntax unified
  43              		.thumb
  44              		.thumb_func
  45              		.fpu fpv5-sp-d16
  47              	HardFault_Handler:
  48              	.LFB147:
  47:Src/stm32f7xx_it.c **** 
  48:Src/stm32f7xx_it.c **** /**
  49:Src/stm32f7xx_it.c ****   * @brief  This function handles Hard Fault exception.
  50:Src/stm32f7xx_it.c ****   * @param  None
  51:Src/stm32f7xx_it.c ****   * @retval None
  52:Src/stm32f7xx_it.c ****   */
  53:Src/stm32f7xx_it.c **** void HardFault_Handler(void)
  54:Src/stm32f7xx_it.c **** {
  49              		.loc 1 54 1 view -0
  50              		.cfi_startproc
  51              		@ Volatile: function does not return.
  52              		@ args = 0, pretend = 0, frame = 0
  53              		@ frame_needed = 0, uses_anonymous_args = 0
  54              		@ link register save eliminated.
  55              	.L3:
  55:Src/stm32f7xx_it.c ****   /* Go to infinite loop when Hard Fault exception occurs */
  56:Src/stm32f7xx_it.c ****   while (1)
  56              		.loc 1 56 3 discriminator 1 view .LVU3
  57:Src/stm32f7xx_it.c ****   {
  58:Src/stm32f7xx_it.c ****   }
  57              		.loc 1 58 3 discriminator 1 view .LVU4
  56:Src/stm32f7xx_it.c ****   {
  58              		.loc 1 56 9 discriminator 1 view .LVU5
ARM GAS  /var/folders/yz/w8msd8211qzc60m57tpkzbn80000gn/T//ccTj6rA8.s 			page 3


  59 0000 FEE7     		b	.L3
  60              		.cfi_endproc
  61              	.LFE147:
  63              		.section	.text.MemManage_Handler,"ax",%progbits
  64              		.align	1
  65              		.global	MemManage_Handler
  66              		.syntax unified
  67              		.thumb
  68              		.thumb_func
  69              		.fpu fpv5-sp-d16
  71              	MemManage_Handler:
  72              	.LFB148:
  59:Src/stm32f7xx_it.c **** }
  60:Src/stm32f7xx_it.c **** 
  61:Src/stm32f7xx_it.c **** /**
  62:Src/stm32f7xx_it.c ****   * @brief  This function handles Memory Manage exception.
  63:Src/stm32f7xx_it.c ****   * @param  None
  64:Src/stm32f7xx_it.c ****   * @retval None
  65:Src/stm32f7xx_it.c ****   */
  66:Src/stm32f7xx_it.c **** void MemManage_Handler(void)
  67:Src/stm32f7xx_it.c **** {
  73              		.loc 1 67 1 view -0
  74              		.cfi_startproc
  75              		@ Volatile: function does not return.
  76              		@ args = 0, pretend = 0, frame = 0
  77              		@ frame_needed = 0, uses_anonymous_args = 0
  78              		@ link register save eliminated.
  79              	.L5:
  68:Src/stm32f7xx_it.c ****   /* Go to infinite loop when Memory Manage exception occurs */
  69:Src/stm32f7xx_it.c ****   while (1)
  80              		.loc 1 69 3 discriminator 1 view .LVU7
  70:Src/stm32f7xx_it.c ****   {
  71:Src/stm32f7xx_it.c ****   }
  81              		.loc 1 71 3 discriminator 1 view .LVU8
  69:Src/stm32f7xx_it.c ****   {
  82              		.loc 1 69 9 discriminator 1 view .LVU9
  83 0000 FEE7     		b	.L5
  84              		.cfi_endproc
  85              	.LFE148:
  87              		.section	.text.BusFault_Handler,"ax",%progbits
  88              		.align	1
  89              		.global	BusFault_Handler
  90              		.syntax unified
  91              		.thumb
  92              		.thumb_func
  93              		.fpu fpv5-sp-d16
  95              	BusFault_Handler:
  96              	.LFB149:
  72:Src/stm32f7xx_it.c **** }
  73:Src/stm32f7xx_it.c **** 
  74:Src/stm32f7xx_it.c **** /**
  75:Src/stm32f7xx_it.c ****   * @brief  This function handles Bus Fault exception.
  76:Src/stm32f7xx_it.c ****   * @param  None
  77:Src/stm32f7xx_it.c ****   * @retval None
  78:Src/stm32f7xx_it.c ****   */
  79:Src/stm32f7xx_it.c **** void BusFault_Handler(void)
  80:Src/stm32f7xx_it.c **** {
ARM GAS  /var/folders/yz/w8msd8211qzc60m57tpkzbn80000gn/T//ccTj6rA8.s 			page 4


  97              		.loc 1 80 1 view -0
  98              		.cfi_startproc
  99              		@ Volatile: function does not return.
 100              		@ args = 0, pretend = 0, frame = 0
 101              		@ frame_needed = 0, uses_anonymous_args = 0
 102              		@ link register save eliminated.
 103              	.L7:
  81:Src/stm32f7xx_it.c ****   /* Go to infinite loop when Bus Fault exception occurs */
  82:Src/stm32f7xx_it.c ****   while (1)
 104              		.loc 1 82 3 discriminator 1 view .LVU11
  83:Src/stm32f7xx_it.c ****   {
  84:Src/stm32f7xx_it.c ****   }
 105              		.loc 1 84 3 discriminator 1 view .LVU12
  82:Src/stm32f7xx_it.c ****   {
 106              		.loc 1 82 9 discriminator 1 view .LVU13
 107 0000 FEE7     		b	.L7
 108              		.cfi_endproc
 109              	.LFE149:
 111              		.section	.text.UsageFault_Handler,"ax",%progbits
 112              		.align	1
 113              		.global	UsageFault_Handler
 114              		.syntax unified
 115              		.thumb
 116              		.thumb_func
 117              		.fpu fpv5-sp-d16
 119              	UsageFault_Handler:
 120              	.LFB150:
  85:Src/stm32f7xx_it.c **** }
  86:Src/stm32f7xx_it.c **** 
  87:Src/stm32f7xx_it.c **** /**
  88:Src/stm32f7xx_it.c ****   * @brief  This function handles Usage Fault exception.
  89:Src/stm32f7xx_it.c ****   * @param  None
  90:Src/stm32f7xx_it.c ****   * @retval None
  91:Src/stm32f7xx_it.c ****   */
  92:Src/stm32f7xx_it.c **** void UsageFault_Handler(void)
  93:Src/stm32f7xx_it.c **** {
 121              		.loc 1 93 1 view -0
 122              		.cfi_startproc
 123              		@ Volatile: function does not return.
 124              		@ args = 0, pretend = 0, frame = 0
 125              		@ frame_needed = 0, uses_anonymous_args = 0
 126              		@ link register save eliminated.
 127              	.L9:
  94:Src/stm32f7xx_it.c ****   /* Go to infinite loop when Usage Fault exception occurs */
  95:Src/stm32f7xx_it.c ****   while (1)
 128              		.loc 1 95 3 discriminator 1 view .LVU15
  96:Src/stm32f7xx_it.c ****   {
  97:Src/stm32f7xx_it.c ****   }
 129              		.loc 1 97 3 discriminator 1 view .LVU16
  95:Src/stm32f7xx_it.c ****   {
 130              		.loc 1 95 9 discriminator 1 view .LVU17
 131 0000 FEE7     		b	.L9
 132              		.cfi_endproc
 133              	.LFE150:
 135              		.section	.text.DebugMon_Handler,"ax",%progbits
 136              		.align	1
 137              		.global	DebugMon_Handler
ARM GAS  /var/folders/yz/w8msd8211qzc60m57tpkzbn80000gn/T//ccTj6rA8.s 			page 5


 138              		.syntax unified
 139              		.thumb
 140              		.thumb_func
 141              		.fpu fpv5-sp-d16
 143              	DebugMon_Handler:
 144              	.LFB151:
  98:Src/stm32f7xx_it.c **** }
  99:Src/stm32f7xx_it.c **** 
 100:Src/stm32f7xx_it.c **** /**
 101:Src/stm32f7xx_it.c ****   * @brief  This function handles Debug Monitor exception.
 102:Src/stm32f7xx_it.c ****   * @param  None
 103:Src/stm32f7xx_it.c ****   * @retval None
 104:Src/stm32f7xx_it.c ****   */
 105:Src/stm32f7xx_it.c **** void DebugMon_Handler(void)
 106:Src/stm32f7xx_it.c **** {
 145              		.loc 1 106 1 view -0
 146              		.cfi_startproc
 147              		@ args = 0, pretend = 0, frame = 0
 148              		@ frame_needed = 0, uses_anonymous_args = 0
 149              		@ link register save eliminated.
 107:Src/stm32f7xx_it.c **** }
 150              		.loc 1 107 1 view .LVU19
 151 0000 7047     		bx	lr
 152              		.cfi_endproc
 153              	.LFE151:
 155              		.section	.text.SysTick_Handler,"ax",%progbits
 156              		.align	1
 157              		.global	SysTick_Handler
 158              		.syntax unified
 159              		.thumb
 160              		.thumb_func
 161              		.fpu fpv5-sp-d16
 163              	SysTick_Handler:
 164              	.LFB152:
 108:Src/stm32f7xx_it.c **** 
 109:Src/stm32f7xx_it.c **** /**
 110:Src/stm32f7xx_it.c ****   * @brief  This function handles SysTick Handler.
 111:Src/stm32f7xx_it.c ****   * @param  None
 112:Src/stm32f7xx_it.c ****   * @retval None
 113:Src/stm32f7xx_it.c ****   */
 114:Src/stm32f7xx_it.c **** void SysTick_Handler(void)
 115:Src/stm32f7xx_it.c **** {
 165              		.loc 1 115 1 view -0
 166              		.cfi_startproc
 167              		@ args = 0, pretend = 0, frame = 0
 168              		@ frame_needed = 0, uses_anonymous_args = 0
 169 0000 08B5     		push	{r3, lr}
 170              	.LCFI0:
 171              		.cfi_def_cfa_offset 8
 172              		.cfi_offset 3, -8
 173              		.cfi_offset 14, -4
 116:Src/stm32f7xx_it.c ****   osSystickHandler();
 174              		.loc 1 116 3 view .LVU21
 175 0002 FFF7FEFF 		bl	osSystickHandler
 176              	.LVL0:
 117:Src/stm32f7xx_it.c **** }
 177              		.loc 1 117 1 is_stmt 0 view .LVU22
ARM GAS  /var/folders/yz/w8msd8211qzc60m57tpkzbn80000gn/T//ccTj6rA8.s 			page 6


 178 0006 08BD     		pop	{r3, pc}
 179              		.cfi_endproc
 180              	.LFE152:
 182              		.section	.text.ETH_IRQHandler,"ax",%progbits
 183              		.align	1
 184              		.global	ETH_IRQHandler
 185              		.syntax unified
 186              		.thumb
 187              		.thumb_func
 188              		.fpu fpv5-sp-d16
 190              	ETH_IRQHandler:
 191              	.LFB153:
 118:Src/stm32f7xx_it.c **** 
 119:Src/stm32f7xx_it.c **** /******************************************************************************/
 120:Src/stm32f7xx_it.c **** /*                 STM32F7xx Peripherals Interrupt Handlers                   */
 121:Src/stm32f7xx_it.c **** /*  Add here the Interrupt Handler for the used peripheral(s) (PPP), for the  */
 122:Src/stm32f7xx_it.c **** /*  available peripheral interrupt handler's name please refer to the startup */
 123:Src/stm32f7xx_it.c **** /*  file (startup_stm32f7xx.s).                                               */
 124:Src/stm32f7xx_it.c **** /******************************************************************************/
 125:Src/stm32f7xx_it.c **** 
 126:Src/stm32f7xx_it.c **** /**
 127:Src/stm32f7xx_it.c ****   * @brief  This function handles Ethernet interrupt request.
 128:Src/stm32f7xx_it.c ****   * @param  None
 129:Src/stm32f7xx_it.c ****   * @retval None
 130:Src/stm32f7xx_it.c ****   */
 131:Src/stm32f7xx_it.c **** void ETH_IRQHandler(void)
 132:Src/stm32f7xx_it.c **** {
 192              		.loc 1 132 1 is_stmt 1 view -0
 193              		.cfi_startproc
 194              		@ args = 0, pretend = 0, frame = 0
 195              		@ frame_needed = 0, uses_anonymous_args = 0
 196 0000 08B5     		push	{r3, lr}
 197              	.LCFI1:
 198              		.cfi_def_cfa_offset 8
 199              		.cfi_offset 3, -8
 200              		.cfi_offset 14, -4
 133:Src/stm32f7xx_it.c ****   HAL_ETH_IRQHandler(&EthHandle);
 201              		.loc 1 133 3 view .LVU24
 202 0002 0248     		ldr	r0, .L15
 203 0004 FFF7FEFF 		bl	HAL_ETH_IRQHandler
 204              	.LVL1:
 134:Src/stm32f7xx_it.c **** }
 205              		.loc 1 134 1 is_stmt 0 view .LVU25
 206 0008 08BD     		pop	{r3, pc}
 207              	.L16:
 208 000a 00BF     		.align	2
 209              	.L15:
 210 000c 00000000 		.word	EthHandle
 211              		.cfi_endproc
 212              	.LFE153:
 214              		.text
 215              	.Letext0:
 216              		.file 2 "/usr/local/Cellar/arm-none-eabi-gcc/9-2019-q4-major/gcc/arm-none-eabi/include/machine/_de
 217              		.file 3 "/usr/local/Cellar/arm-none-eabi-gcc/9-2019-q4-major/gcc/arm-none-eabi/include/sys/_stdint
 218              		.file 4 "Drivers/CMSIS/Core/Include/core_cm7.h"
 219              		.file 5 "Drivers/CMSIS/Device/ST/STM32F7xx/Include/system_stm32f7xx.h"
 220              		.file 6 "Drivers/CMSIS/Device/ST/STM32F7xx/Include/stm32f746xx.h"
ARM GAS  /var/folders/yz/w8msd8211qzc60m57tpkzbn80000gn/T//ccTj6rA8.s 			page 7


 221              		.file 7 "Drivers/STM32F7xx_HAL_Driver/Inc/stm32f7xx_hal_def.h"
 222              		.file 8 "Drivers/STM32F7xx_HAL_Driver/Inc/stm32f7xx_hal_eth.h"
 223              		.file 9 "Drivers/STM32F7xx_HAL_Driver/Inc/stm32f7xx_hal.h"
 224              		.file 10 "Utilities/Fonts/fonts.h"
 225              		.file 11 "Middlewares/FreeRTOS/Source/CMSIS_RTOS/cmsis_os.h"
ARM GAS  /var/folders/yz/w8msd8211qzc60m57tpkzbn80000gn/T//ccTj6rA8.s 			page 8


DEFINED SYMBOLS
                            *ABS*:0000000000000000 stm32f7xx_it.c
/var/folders/yz/w8msd8211qzc60m57tpkzbn80000gn/T//ccTj6rA8.s:18     .text.NMI_Handler:0000000000000000 $t
/var/folders/yz/w8msd8211qzc60m57tpkzbn80000gn/T//ccTj6rA8.s:26     .text.NMI_Handler:0000000000000000 NMI_Handler
/var/folders/yz/w8msd8211qzc60m57tpkzbn80000gn/T//ccTj6rA8.s:40     .text.HardFault_Handler:0000000000000000 $t
/var/folders/yz/w8msd8211qzc60m57tpkzbn80000gn/T//ccTj6rA8.s:47     .text.HardFault_Handler:0000000000000000 HardFault_Handler
/var/folders/yz/w8msd8211qzc60m57tpkzbn80000gn/T//ccTj6rA8.s:64     .text.MemManage_Handler:0000000000000000 $t
/var/folders/yz/w8msd8211qzc60m57tpkzbn80000gn/T//ccTj6rA8.s:71     .text.MemManage_Handler:0000000000000000 MemManage_Handler
/var/folders/yz/w8msd8211qzc60m57tpkzbn80000gn/T//ccTj6rA8.s:88     .text.BusFault_Handler:0000000000000000 $t
/var/folders/yz/w8msd8211qzc60m57tpkzbn80000gn/T//ccTj6rA8.s:95     .text.BusFault_Handler:0000000000000000 BusFault_Handler
/var/folders/yz/w8msd8211qzc60m57tpkzbn80000gn/T//ccTj6rA8.s:112    .text.UsageFault_Handler:0000000000000000 $t
/var/folders/yz/w8msd8211qzc60m57tpkzbn80000gn/T//ccTj6rA8.s:119    .text.UsageFault_Handler:0000000000000000 UsageFault_Handler
/var/folders/yz/w8msd8211qzc60m57tpkzbn80000gn/T//ccTj6rA8.s:136    .text.DebugMon_Handler:0000000000000000 $t
/var/folders/yz/w8msd8211qzc60m57tpkzbn80000gn/T//ccTj6rA8.s:143    .text.DebugMon_Handler:0000000000000000 DebugMon_Handler
/var/folders/yz/w8msd8211qzc60m57tpkzbn80000gn/T//ccTj6rA8.s:156    .text.SysTick_Handler:0000000000000000 $t
/var/folders/yz/w8msd8211qzc60m57tpkzbn80000gn/T//ccTj6rA8.s:163    .text.SysTick_Handler:0000000000000000 SysTick_Handler
/var/folders/yz/w8msd8211qzc60m57tpkzbn80000gn/T//ccTj6rA8.s:183    .text.ETH_IRQHandler:0000000000000000 $t
/var/folders/yz/w8msd8211qzc60m57tpkzbn80000gn/T//ccTj6rA8.s:190    .text.ETH_IRQHandler:0000000000000000 ETH_IRQHandler
/var/folders/yz/w8msd8211qzc60m57tpkzbn80000gn/T//ccTj6rA8.s:210    .text.ETH_IRQHandler:000000000000000c $d

UNDEFINED SYMBOLS
osSystickHandler
HAL_ETH_IRQHandler
EthHandle
